Log file open, 01/17/19 15:55:53
LogWindows: Failed to load 'aqProf.dll' (GetLastError=126)
LogWindows: File 'aqProf.dll' does not exist
LogWindows: Failed to load 'VtuneApi.dll' (GetLastError=126)
LogWindows: File 'VtuneApi.dll' does not exist
LogWindows: Failed to load 'VtuneApi32e.dll' (GetLastError=126)
LogWindows: File 'VtuneApi32e.dll' does not exist
LogInit: Display: Running engine for game: AW_WBox_IC001
LogPlatformFile: Not using cached read wrapper
LogTaskGraph: Started task graph with 5 named threads and 23 total threads with 3 sets of task threads.
LogStats: Stats thread started at 0.292344
LogD3D11RHI: Loaded GFSDK_Aftermath_Lib.x64.dll
LogICUInternationalization: Display: ICU TimeZone Detection - Raw Offset: -7:00, Platform Override: ''
LogPluginManager: Mounting plugin Paper2D
LogPluginManager: Mounting plugin AISupport
LogPluginManager: Mounting plugin LightPropagationVolume
LogPluginManager: Mounting plugin CLionSourceCodeAccess
LogPluginManager: Mounting plugin CodeLiteSourceCodeAccess
LogPluginManager: Mounting plugin GitSourceControl
LogPluginManager: Mounting plugin KDevelopSourceCodeAccess
LogPluginManager: Mounting plugin NullSourceCodeAccess
LogPluginManager: Mounting plugin PerforceSourceControl
LogPluginManager: Mounting plugin SubversionSourceControl
LogPluginManager: Mounting plugin UObjectPlugin
LogPluginManager: Mounting plugin VisualStudioCodeSourceCodeAccess
LogPluginManager: Mounting plugin VisualStudioSourceCodeAccess
LogPluginManager: Mounting plugin XCodeSourceCodeAccess
LogPluginManager: Mounting plugin AssetManagerEditor
LogPluginManager: Mounting plugin CryptoKeys
LogPluginManager: Mounting plugin DataValidation
LogPluginManager: Mounting plugin FacialAnimation
LogPluginManager: Mounting plugin GameplayTagsEditor
LogPluginManager: Mounting plugin MacGraphicsSwitching
LogPluginManager: Mounting plugin MeshEditor
LogPluginManager: Mounting plugin MobileLauncherProfileWizard
LogPluginManager: Mounting plugin PluginBrowser
LogPluginManager: Mounting plugin SpeedTreeImporter
LogPluginManager: Mounting plugin DatasmithContent
LogPluginManager: Mounting plugin AlembicImporter
LogPluginManager: Mounting plugin AppleImageUtils
LogPluginManager: Mounting plugin AppleVision
LogPluginManager: Mounting plugin BackChannel
LogPluginManager: Mounting plugin CharacterAI
LogPluginManager: Mounting plugin GeometryCache
LogPluginManager: Mounting plugin HTML5Networking
LogPluginManager: Mounting plugin ProxyLODPlugin
LogPluginManager: Mounting plugin MagicLeap
LogPluginManager: Mounting plugin MagicLeapEmulator
LogPluginManager: Mounting plugin MagicLeapMedia
LogPluginManager: Mounting plugin AndroidMedia
LogPluginManager: Mounting plugin AvfMedia
LogPluginManager: Mounting plugin ImgMedia
LogPluginManager: Mounting plugin LinearTimecode
LogPluginManager: Mounting plugin MediaCompositing
LogPluginManager: Mounting plugin MediaPlayerEditor
LogPluginManager: Mounting plugin WmfMedia
LogPluginManager: Mounting plugin TcpMessaging
LogPluginManager: Mounting plugin UdpMessaging
LogPluginManager: Mounting plugin ActorSequence
LogPluginManager: Mounting plugin LevelSequenceEditor
LogPluginManager: Mounting plugin MatineeToLevelSequence
LogPluginManager: Mounting plugin NetcodeUnitTest
LogPluginManager: Mounting plugin NUTUnrealEngine4
LogPluginManager: Mounting plugin OnlineSubsystemGooglePlay
LogPluginManager: Mounting plugin OnlineSubsystemIOS
LogPluginManager: Mounting plugin OnlineSubsystem
LogPluginManager: Mounting plugin OnlineSubsystemNull
LogPluginManager: Mounting plugin OnlineSubsystemUtils
LogPluginManager: Mounting plugin LauncherChunkInstaller
LogPluginManager: Mounting plugin AndroidDeviceProfileSelector
LogPluginManager: Mounting plugin AndroidMoviePlayer
LogPluginManager: Mounting plugin AndroidPermission
LogPluginManager: Mounting plugin AppleMoviePlayer
LogPluginManager: Mounting plugin ArchVisCharacter
LogPluginManager: Mounting plugin AudioCapture
LogPluginManager: Mounting plugin CableComponent
LogPluginManager: Mounting plugin CustomMeshComponent
LogPluginManager: Mounting plugin EditableMesh
LogPluginManager: Mounting plugin ExampleDeviceProfileSelector
LogPluginManager: Mounting plugin GoogleCloudMessaging
LogPluginManager: Mounting plugin ImmediatePhysics
LogPluginManager: Mounting plugin IOSDeviceProfileSelector
LogPluginManager: Mounting plugin LinuxDeviceProfileSelector
LogPluginManager: Mounting plugin LocationServicesBPLibrary
LogPluginManager: Mounting plugin MobilePatchingUtils
LogPluginManager: Mounting plugin PhysXVehicles
LogPluginManager: Mounting plugin ProceduralMeshComponent
LogPluginManager: Mounting plugin RuntimePhysXCooking
LogPluginManager: Mounting plugin WindowsMoviePlayer
LogStreaming: Display: Took  0.083s to configure plugins.
LogInit: Using libcurl 7.55.1-DEV
LogInit:  - built for x86_64-pc-win32
LogInit:  - supports SSL with OpenSSL/1.0.2h
LogInit:  - supports HTTP deflate (compression) using libz 1.2.8
LogInit:  - other features:
LogInit:      CURL_VERSION_SSL
LogInit:      CURL_VERSION_LIBZ
LogInit:      CURL_VERSION_IPV6
LogInit:      CURL_VERSION_ASYNCHDNS
LogInit:      CURL_VERSION_LARGEFILE
LogInit:      CURL_VERSION_IDN
LogInit:  CurlRequestOptions (configurable via config and command line):
LogInit:  - bVerifyPeer = false  - Libcurl will NOT verify peer certificate
LogInit:  - bUseHttpProxy = false  - Libcurl will NOT use HTTP proxy
LogInit:  - bDontReuseConnections = false  - Libcurl will reuse connections
LogInit:  - CertBundlePath = nullptr  - Libcurl will use whatever was configured at build time.
LogInit:  - MaxHostConnections = 16  - Libcurl will limit the number of connections to a host
LogInit:  - LocalHostAddr = Default
LogInit:  - BufferSize = 65536
LogInit: WinSock: version 1.1 (2.2), MaxSocks=32767, MaxUdp=65467
LogInit: Build: ++UE4+Release-4.20-CL-4369336
LogInit: Engine Version: 4.20.3-4369336+++UE4+Release-4.20
LogInit: Compatible Engine Version: 4.20.0-4212847+++UE4+Release-4.20
LogInit: Net CL: 4212847
LogInit: OS: Windows 10 (), CPU: Intel(R) Core(TM) i7-4790K CPU @ 4.00GHz, GPU: NVIDIA GeForce RTX 2080 Ti
LogInit: Compiled (64-bit): Sep 17 2018 12:26:19
LogInit: Compiled with Visual C++: 19.13.26129.00
LogInit: Build Configuration: Development
LogInit: Branch Name: ++UE4+Release-4.20
LogInit: Command Line: -EpicPortal  -epicusername="MrWindy" -epicuserid=b73a1934e325431fbbbf70ddd0fddd85 -epiclocale=en-US
LogInit: Base Directory: D:/Unreal Games/UE_4.20/Engine/Binaries/Win64/
LogInit: Installed Engine Build: 1
LogDevObjectVersion: Number of dev versions registered: 20
LogDevObjectVersion:   Dev-Blueprints (B0D832E4-1F89-4F0D-ACCF-7EB736FD4AA2): 10
LogDevObjectVersion:   Dev-Build (E1C64328-A22C-4D53-A36C-8E866417BD8C): 0
LogDevObjectVersion:   Dev-Core (375EC13C-06E4-48FB-B500-84F0262A717E): 2
LogDevObjectVersion:   Dev-Editor (E4B068ED-F494-42E9-A231-DA0B2E46BB41): 24
LogDevObjectVersion:   Dev-Framework (CFFC743F-43B0-4480-9391-14DF171D2073): 34
LogDevObjectVersion:   Dev-Mobile (B02B49B5-BB20-44E9-A304-32B752E40360): 2
LogDevObjectVersion:   Dev-Networking (A4E4105C-59A1-49B5-A7C5-40C4547EDFEE): 0
LogDevObjectVersion:   Dev-Online (39C831C9-5AE6-47DC-9A44-9C173E1C8E7C): 0
LogDevObjectVersion:   Dev-Physics (78F01B33-EBEA-4F98-B9B4-84EACCB95AA2): 0
LogDevObjectVersion:   Dev-Platform (6631380F-2D4D-43E0-8009-CF276956A95A): 0
LogDevObjectVersion:   Dev-Rendering (12F88B9F-8875-4AFC-A67C-D90C383ABD29): 26
LogDevObjectVersion:   Dev-Sequencer (7B5AE74C-D270-4C10-A958-57980B212A5A): 9
LogDevObjectVersion:   Dev-VR (D7296918-1DD6-4BDD-9DE2-64A83CC13884): 2
LogDevObjectVersion:   Dev-LoadTimes (C2A15278-BFE7-4AFE-6C17-90FF531DF755): 1
LogDevObjectVersion:   Private-Geometry (6EACA3D4-40EC-4CC1-B786-8BED09428FC5): 3
LogDevObjectVersion:   Dev-AnimPhys (29E575DD-E0A3-4627-9D10-D276232CDCEA): 17
LogDevObjectVersion:   Dev-ReflectionCapture (6B266CEC-1EC7-4B8F-A30B-E4D90942FC07): 1
LogDevObjectVersion:   Dev-Automation (0DF73D61-A23F-47EA-B727-89E90C41499A): 1
LogDevObjectVersion:   FortniteMain (601D1886-AC64-4F84-AA16-D3DE0DEAC7D6): 12
LogDevObjectVersion:   Dev-Enterprise (9DFFBCD6-494F-0158-E221-12823C92A888): 1
LogStreaming: Display: Took  0.000s to delete old logs.
LogInit: Presizing for max 8388607 objects, including 0 objects not considered by GC, pre-allocating 0 bytes for permanent pool.
LogInit: Object subsystem initialized
[2019.01.17-22.55.53:595][  0]LogInit: Selected Device Profile: [Windows]
[2019.01.17-22.55.53:595][  0]LogInit: Applying CVar settings loaded from the selected device profile: [Windows]
[2019.01.17-22.55.53:606][  0]LogHAL: Display: Platform has ~ 16 GB [17105489920 / 17179869184 / 16], which maps to Larger [LargestMinGB=32, LargerMinGB=12, DefaultMinGB=8, SmallerMinGB=6, SmallestMinGB=0)
[2019.01.17-22.55.53:606][  0]LogInit: Setting Device Profile CVar: [[r.Vulkan.UseRealUBs:1]]
[2019.01.17-22.55.53:606][  0]LogInit: Going up to parent DeviceProfile []
[2019.01.17-22.55.53:606][  0]LogInit: Computer: VR-MATRIX
[2019.01.17-22.55.53:606][  0]LogInit: User: Andrew
[2019.01.17-22.55.53:606][  0]LogInit: CPU Page size=4096, Cores=4
[2019.01.17-22.55.53:606][  0]LogInit: High frequency timer resolution =3.903984 MHz
[2019.01.17-22.55.53:607][  0]LogMemory: Memory total: Physical=15.9GB (16GB approx)
[2019.01.17-22.55.53:607][  0]LogMemory: Platform Memory Stats for Windows
[2019.01.17-22.55.53:607][  0]LogMemory: Process Physical Memory: 98.55 MB used, 98.55 MB peak
[2019.01.17-22.55.53:607][  0]LogMemory: Process Virtual Memory: 82.73 MB used, 82.73 MB peak
[2019.01.17-22.55.53:607][  0]LogMemory: Physical Memory: 8151.22 MB used,  8161.84 MB free, 16313.07 MB total
[2019.01.17-22.55.53:607][  0]LogMemory: Virtual Memory: 4630.33 MB used,  8161.84 MB free, 134217728.00 MB total
[2019.01.17-22.55.53:626][  0]LogInit: Using OS detected language (en-US).
[2019.01.17-22.55.53:626][  0]LogInit: Using OS detected locale (en-US).
[2019.01.17-22.55.53:626][  0]LogTextLocalizationManager: No specific localization for 'en-US' exists, so the 'en' localization will be used.
[2019.01.17-22.55.53:988][  0]LogStreaming: Display: Took  0.363s to InitEngineTextLocalization.
[2019.01.17-22.55.53:988][  0]LogInit: Setting process to per monitor DPI aware
[2019.01.17-22.55.54:029][  0]LogSlate: New Slate User Created.  User Index 0, Is Virtual User: 0
[2019.01.17-22.55.54:029][  0]LogSlate: Slate User Registered.  User Index 0, Is Virtual User: 0
[2019.01.17-22.55.54:219][  0]LogD3D11RHI: D3D11 adapters:
[2019.01.17-22.55.54:332][  0]LogD3D11RHI:    0. 'NVIDIA GeForce RTX 2080 Ti' (Feature Level 11_0)
[2019.01.17-22.55.54:332][  0]LogD3D11RHI:       11048/0/8156 MB DedicatedVideo/DedicatedSystem/SharedSystem, Outputs:2, VendorId:0x10de
[2019.01.17-22.55.54:334][  0]LogD3D11RHI:    1. 'Microsoft Basic Render Driver' (Feature Level 11_0)
[2019.01.17-22.55.54:334][  0]LogD3D11RHI:       0/0/8156 MB DedicatedVideo/DedicatedSystem/SharedSystem, Outputs:0, VendorId:0x1414
[2019.01.17-22.55.54:334][  0]LogD3D11RHI: Chosen D3D11 Adapter: 0
[2019.01.17-22.55.54:344][  0]LogD3D11RHI: Creating new Direct3DDevice
[2019.01.17-22.55.54:344][  0]LogD3D11RHI:     GPU DeviceId: 0x1e07 (for the marketing name, search the web for "GPU Device Id")
[2019.01.17-22.55.54:344][  0]LogWindows: EnumDisplayDevices:
[2019.01.17-22.55.54:344][  0]LogWindows:    0. 'NVIDIA GeForce RTX 2080 Ti' (P:1 D:1)
[2019.01.17-22.55.54:345][  0]LogWindows:    1. 'NVIDIA GeForce RTX 2080 Ti' (P:0 D:1)
[2019.01.17-22.55.54:345][  0]LogWindows:    2. 'NVIDIA GeForce RTX 2080 Ti' (P:0 D:0)
[2019.01.17-22.55.54:345][  0]LogWindows:    3. 'NVIDIA GeForce RTX 2080 Ti' (P:0 D:0)
[2019.01.17-22.55.54:346][  0]LogWindows: DebugString: FoundDriverCount:4 
[2019.01.17-22.55.54:346][  0]LogD3D11RHI:     Adapter Name: NVIDIA GeForce RTX 2080 Ti
[2019.01.17-22.55.54:346][  0]LogD3D11RHI:   Driver Version: 416.34 (internal:25.21.14.1634, unified:416.34)
[2019.01.17-22.55.54:346][  0]LogD3D11RHI:      Driver Date: 10-10-2018
[2019.01.17-22.55.54:346][  0]LogRHI: Texture pool is 7733 MB (70% of 11048 MB)
[2019.01.17-22.55.54:404][  0]LogD3D11RHI: Async texture creation enabled
[2019.01.17-22.55.54:436][  0]LogD3D11RHI: GPU Timing Frequency: 1000.000000 (Debug: 2 2)
[2019.01.17-22.55.54:479][  0]LogD3D11RHI: HDR output is supported on display 0 (NvId: 0x80061086).
[2019.01.17-22.55.54:479][  0]LogShaderCompilers: Guid format shader working directory is -6 characters bigger than the processId version (../../../../../GitHub/AW_AssetPipeline/AW_WBox_IC001/Intermediate/Shaders/WorkingDirectory/13388/).
[2019.01.17-22.55.54:479][  0]LogShaderCompilers: Cleaned the shader compiler working directory 'C:/Users/Andrew/AppData/Local/Temp/UnrealShaderWorkingDir/5F915C2C4F4833CF01B17F8608D33E96/'.
[2019.01.17-22.55.54:741][  0]LogTemp: Display: Loaded TP AllDesktopTargetPlatform
[2019.01.17-22.55.54:752][  0]LogTemp: Display: Loaded TP MacClientTargetPlatform
[2019.01.17-22.55.54:763][  0]LogTemp: Display: Loaded TP MacNoEditorTargetPlatform
[2019.01.17-22.55.54:774][  0]LogTemp: Display: Loaded TP MacServerTargetPlatform
[2019.01.17-22.55.54:785][  0]LogTemp: Display: Loaded TP MacTargetPlatform
[2019.01.17-22.55.54:795][  0]LogTemp: Display: Loaded TP WindowsClientTargetPlatform
[2019.01.17-22.55.54:806][  0]LogTemp: Display: Loaded TP WindowsNoEditorTargetPlatform
[2019.01.17-22.55.54:820][  0]LogTemp: Display: Loaded TP WindowsServerTargetPlatform
[2019.01.17-22.55.54:825][  0]LogTemp: Display: Loaded TP WindowsTargetPlatform
[2019.01.17-22.55.54:890][  0]LogTemp: Display: Loaded TP AndroidTargetPlatform
[2019.01.17-22.55.54:890][  0]LogTemp: Display: Loaded TP AndroidTargetPlatform
[2019.01.17-22.55.54:890][  0]LogTemp: Display: Loaded TP AndroidTargetPlatform
[2019.01.17-22.55.54:890][  0]LogTemp: Display: Loaded TP AndroidTargetPlatform
[2019.01.17-22.55.54:890][  0]LogTemp: Display: Loaded TP AndroidTargetPlatform
[2019.01.17-22.55.54:890][  0]LogTemp: Display: Loaded TP AndroidTargetPlatform
[2019.01.17-22.55.54:890][  0]LogTemp: Display: Loaded TP AndroidTargetPlatform
[2019.01.17-22.55.54:890][  0]LogTemp: Display: Loaded TP AndroidTargetPlatform
[2019.01.17-22.55.54:890][  0]LogTemp: Display: Loaded TP AndroidTargetPlatform
[2019.01.17-22.55.54:890][  0]LogTemp: Display: Loaded TP AndroidTargetPlatform
[2019.01.17-22.55.54:890][  0]LogTemp: Display: Loaded TP AndroidTargetPlatform
[2019.01.17-22.55.54:890][  0]LogTemp: Display: Loaded TP AndroidTargetPlatform
[2019.01.17-22.55.54:890][  0]LogTemp: Display: Loaded TP AndroidTargetPlatform
[2019.01.17-22.55.54:890][  0]LogTemp: Display: Loaded TP AndroidTargetPlatform
[2019.01.17-22.55.54:890][  0]LogTemp: Display: Loaded TP AndroidTargetPlatform
[2019.01.17-22.55.54:890][  0]LogTemp: Display: Loaded TP AndroidTargetPlatform
[2019.01.17-22.55.54:890][  0]LogTemp: Display: Loaded TP AndroidTargetPlatform
[2019.01.17-22.55.54:890][  0]LogTemp: Display: Loaded TP AndroidTargetPlatform
[2019.01.17-22.55.54:892][  0]LogTemp: Display: Loaded TP HTML5TargetPlatform
[2019.01.17-22.55.54:949][  0]LogTemp: Display: Loaded TP IOSTargetPlatform
[2019.01.17-22.55.54:949][  0]LogTemp: Display: Loaded TP IOSTargetPlatform
[2019.01.17-22.55.54:970][  0]LogTemp: Display: Loaded TP TVOSTargetPlatform
[2019.01.17-22.55.54:970][  0]LogTemp: Display: Loaded TP TVOSTargetPlatform
[2019.01.17-22.55.54:981][  0]LogTemp: Display: Loaded TP LinuxClientTargetPlatform
[2019.01.17-22.55.54:991][  0]LogTemp: Display: Loaded TP LinuxNoEditorTargetPlatform
[2019.01.17-22.55.55:002][  0]LogTemp: Display: Loaded TP LinuxServerTargetPlatform
[2019.01.17-22.55.55:012][  0]LogTemp: Display: Loaded TP LinuxTargetPlatform
[2019.01.17-22.55.55:020][  0]LogTemp: Display: Loaded TP LuminTargetPlatform
[2019.01.17-22.55.55:020][  0]LogTargetPlatformManager: Display: Building Assets For Windows
[2019.01.17-22.55.55:067][  0]LogXGEController: Cannot use XGE Controller as Incredibuild is not installed on this machine.
[2019.01.17-22.55.55:067][  0]LogShaderCompilers: Cannot use XGE Shader Compiler as Incredibuild is not installed on this machine.
[2019.01.17-22.55.55:067][  0]LogShaderCompilers: Display: Using Local Shader Compiler.
[2019.01.17-22.55.55:731][  0]LogDerivedDataCache: Display: Max Cache Size: 512 MB
[2019.01.17-22.55.55:811][  0]LogDerivedDataCache: Loaded boot cache 0.08s 71MB C:/Users/Andrew/AppData/Local/UnrealEngine/4.20/DerivedDataCache/Boot.ddc.
[2019.01.17-22.55.55:812][  0]LogDerivedDataCache: Display: Loaded Boot cache: C:/Users/Andrew/AppData/Local/UnrealEngine/4.20/DerivedDataCache/Boot.ddc
[2019.01.17-22.55.55:813][  0]LogDerivedDataCache: FDerivedDataBackendGraph:  Pak pak cache file ../../../../../GitHub/AW_AssetPipeline/AW_WBox_IC001/DerivedDataCache/DDC.ddp not found, will not use a pak cache.
[2019.01.17-22.55.55:813][  0]LogDerivedDataCache: Unable to find inner node Pak for hierarchical cache Hierarchy.
[2019.01.17-22.55.55:813][  0]LogDerivedDataCache: FDerivedDataBackendGraph:  CompressedPak pak cache file ../../../../../GitHub/AW_AssetPipeline/AW_WBox_IC001/DerivedDataCache/Compressed.ddp not found, will not use a pak cache.
[2019.01.17-22.55.55:813][  0]LogDerivedDataCache: Unable to find inner node CompressedPak for hierarchical cache Hierarchy.
[2019.01.17-22.55.55:824][  0]LogDerivedDataCache: Display: Pak cache opened for reading ../../../Engine/DerivedDataCache/Compressed.ddp.
[2019.01.17-22.55.55:836][  0]LogDerivedDataCache: Using Local data cache path C:/Users/Andrew/AppData/Local/UnrealEngine/Common/DerivedDataCache: Writable
[2019.01.17-22.55.55:836][  0]LogDerivedDataCache: Shared data cache path not found in *engine.ini, will not use an Shared cache.
[2019.01.17-22.55.55:836][  0]LogDerivedDataCache: Unable to find inner node Shared for hierarchical cache Hierarchy.
[2019.01.17-22.55.55:855][  0]LogMaterial: Verifying Global Shaders for PCD3D_SM5
[2019.01.17-22.55.55:856][  0]LogSlate: Using FreeType 2.6.0
[2019.01.17-22.55.55:857][  0]LogSlate: SlateFontServices - WITH_FREETYPE: 1, WITH_HARFBUZZ: 1
[2019.01.17-22.55.55:935][  0]LogAssetRegistry: FAssetRegistry took 0.0252 seconds to start up
[2019.01.17-22.55.56:230][  0]LogInit: Selected Device Profile: [Windows]
[2019.01.17-22.55.56:351][  0]LogSimplygon: Simplygon DLL not present - disabling.
[2019.01.17-22.55.56:354][  0]LogMeshReduction: Using SimplygonSwarm for distributed automatic mesh merging
[2019.01.17-22.55.56:354][  0]LogMeshReduction: Using ProxyLODMeshReduction for automatic mesh merging
[2019.01.17-22.55.56:354][  0]LogMeshReduction: Using QuadricMeshReduction for automatic static mesh reduction
[2019.01.17-22.55.56:354][  0]LogMeshReduction: No automatic skeletal mesh reduction module available
[2019.01.17-22.55.56:398][  0]LogNetVersion: AW_WBox_IC001 1.0.0, NetCL: 4212847, EngineNetVer: 5, GameNetVer: 0 (Checksum: 1097059151)
[2019.01.17-22.55.56:860][  0]LogPackageLocalizationCache: Processed 9 localized package path(s) for 2 prioritized culture(s) in 0.066038 seconds
[2019.01.17-22.55.56:867][  0]LogUObjectArray: 37967 objects as part of root set at end of initial load.
[2019.01.17-22.55.56:867][  0]LogUObjectAllocator: 6605920 out of 0 bytes used by permanent object pool.
[2019.01.17-22.55.56:867][  0]LogUObjectArray: CloseDisregardForGC: 0/0 objects in disregard for GC pool
[2019.01.17-22.55.57:633][  0]LogTcpMessaging: Initializing TcpMessaging bridge
[2019.01.17-22.55.57:645][  0]LogUdpMessaging: Initializing bridge on interface 0.0.0.0:0 to multicast group 230.0.0.1:6666.
[2019.01.17-22.55.57:753][  0]SourceControl: Source control is disabled
[2019.01.17-22.55.57:753][  0]SourceControl: Source control is disabled
[2019.01.17-22.55.57:755][  0]SourceControl: Source control is disabled
[2019.01.17-22.55.57:756][  0]SourceControl: Source control is disabled
[2019.01.17-22.55.57:921][  0]LogAndroidPermission: UAndroidPermissionCallbackProxy::GetInstance
[2019.01.17-22.55.58:359][  0]LogEngine: Initializing Engine...
[2019.01.17-22.55.58:360][  0]LogStats: UGameplayTagsManager::ConstructGameplayTagTree: ImportINI prefixes -  0.000 s
[2019.01.17-22.55.58:360][  0]LogStats: UGameplayTagsManager::ConstructGameplayTagTree: Construct from data asset -  0.000 s
[2019.01.17-22.55.58:360][  0]LogStats: UGameplayTagsManager::ConstructGameplayTagTree: ImportINI -  0.000 s
[2019.01.17-22.55.58:360][  0]LogStats: UGameplayTagsManager::ConstructGameplayTagTree: GameplayTagTreeChangedEvent.Broadcast -  0.000 s
[2019.01.17-22.55.58:548][  0]LogInit: Initializing FReadOnlyCVARCache
[2019.01.17-22.55.58:568][  0]LogAIModule: Creating AISystem for world Untitled
[2019.01.17-22.55.58:739][  0]LogInit: XAudio2 using 'Speakers (Dell AC511 USB SoundBar)' : 2 channels at 44.1 kHz using 16 bits per sample (channel mask 0x3)
[2019.01.17-22.55.58:755][  0]LogInit: FAudioDevice initialized.
[2019.01.17-22.55.58:755][  0]LogNetVersion: Set ProjectVersion to 1.0.0.0. Version Checksum will be recalculated on next use.
[2019.01.17-22.55.58:838][  0]LogDerivedDataCache: Saved boot cache 0.08s 71MB C:/Users/Andrew/AppData/Local/UnrealEngine/4.20/DerivedDataCache/Boot.ddc.
[2019.01.17-22.55.58:853][  0]LogInit: Texture streaming: Enabled
[2019.01.17-22.55.58:866][  0]LogEngineSessionManager: EngineSessionManager initialized
[2019.01.17-22.55.58:879][  0]LogInit: Transaction tracking system initialized
[2019.01.17-22.55.58:895][  0]BlueprintLog: New page: Editor Load
[2019.01.17-22.55.58:956][  0]LocalizationService: Localization service is disabled
[2019.01.17-22.55.59:168][  0]LogCook: Display: Max memory allowance for cook 16384mb min free memory 0mb
[2019.01.17-22.55.59:168][  0]LogFileCache: Scanning file cache for directory 'D:/GitHub/AW_AssetPipeline/AW_WBox_IC001/Content/' took 0.01s
[2019.01.17-22.55.59:168][  0]LogCook: Display: Mobile HDR setting 1
[2019.01.17-22.55.59:168][  0]LogGameplayTags: Display: UGameplayTagsManager::DoneAddingNativeTags. DelegateIsBound: 0
[2019.01.17-22.55.59:168][  0]LogStats: UGameplayTagsManager::ConstructGameplayTagTree: ImportINI prefixes -  0.000 s
[2019.01.17-22.55.59:168][  0]LogStats: UGameplayTagsManager::ConstructGameplayTagTree: Construct from data asset -  0.000 s
[2019.01.17-22.55.59:168][  0]LogStats: UGameplayTagsManager::ConstructGameplayTagTree: ImportINI -  0.000 s
[2019.01.17-22.55.59:168][  0]LogStats: UGameplayTagsManager::ConstructGameplayTagTree: GameplayTagTreeChangedEvent.Broadcast -  0.000 s
[2019.01.17-22.55.59:264][  0]SourceControl: Source control is disabled
[2019.01.17-22.55.59:264][  0]Cmd: MAP LOAD FILE="../../../Engine/Content/Maps/Templates/Template_Default.umap" TEMPLATE=1 SHOWPROGRESS=1 FEATURELEVEL=3
[2019.01.17-22.55.59:264][  0]LightingResults: New page: Lighting Build
[2019.01.17-22.55.59:266][  0]MapCheck: New page: Map Check
[2019.01.17-22.55.59:266][  0]LightingResults: New page: Lighting Build
[2019.01.17-22.55.59:441][  0]LogAIModule: Creating AISystem for world Untitled_1
[2019.01.17-22.55.59:446][  0]LogEditorServer: Finished looking for orphan Actors (0.000 secs)
[2019.01.17-22.55.59:466][  0]Cmd: MAP CHECKDEP NOCLEARLOG
[2019.01.17-22.55.59:516][  0]MapCheck: Map check complete: 0 Error(s), 0 Warning(s), took 49.878ms to complete.
[2019.01.17-22.55.59:516][  0]LogFileHelpers: Loading map 'Template_Default' took 0.252
[2019.01.17-22.55.59:645][  0]LogSlate: Updating window title bar state: overlay mode, drag disabled, window buttons hidden, title bar hidden
[2019.01.17-22.55.59:652][  0]LogSlate: Updating window title bar state: overlay mode, drag disabled, window buttons hidden, title bar hidden
[2019.01.17-22.55.59:658][  0]LogSlate: Updating window title bar state: overlay mode, drag disabled, window buttons hidden, title bar hidden
[2019.01.17-22.55.59:665][  0]LogSlate: Updating window title bar state: overlay mode, drag disabled, window buttons hidden, title bar hidden
[2019.01.17-22.55.59:669][  0]LogCollectionManager: Loaded 0 collections in 0.001175 seconds
[2019.01.17-22.55.59:715][  0]LogFileCache: Scanning file cache for directory 'D:/GitHub/AW_AssetPipeline/AW_WBox_IC001/Saved/Collections/' took 0.01s
[2019.01.17-22.55.59:715][  0]LogFileCache: Scanning file cache for directory 'D:/GitHub/AW_AssetPipeline/AW_WBox_IC001/Content/Developers/Andrew/Collections/' took 0.01s
[2019.01.17-22.55.59:715][  0]LogFileCache: Scanning file cache for directory 'D:/GitHub/AW_AssetPipeline/AW_WBox_IC001/Content/Collections/' took 0.01s
[2019.01.17-22.55.59:715][  0]LogCollectionManager: Rebuilt the GUID cache for 0 collections in 0.000000 seconds
[2019.01.17-22.55.59:725][  0]LogContentBrowser: Native class hierarchy populated in 0.0100 seconds. Added 2565 classes and 594 folders.
[2019.01.17-22.55.59:730][  0]LogContentBrowser: Native class hierarchy updated for 'WidgetCarousel' in 0.0002 seconds. Added 0 classes and 0 folders.
[2019.01.17-22.55.59:767][  0]LogContentBrowser: Native class hierarchy updated for 'AddContentDialog' in 0.0002 seconds. Added 0 classes and 0 folders.
[2019.01.17-22.55.59:772][  0]LogContentBrowser: Native class hierarchy updated for 'SceneOutliner' in 0.0002 seconds. Added 1 classes and 2 folders.
[2019.01.17-22.55.59:785][  0]LogSlate: Took 0.000152 seconds to synchronously load lazily loaded font '../../../Engine/Content/Slate/Fonts/Roboto-Regular.ttf' (155K)
[2019.01.17-22.55.59:788][  0]LogSlate: Took 0.000216 seconds to synchronously load lazily loaded font '../../../Engine/Content/Slate/Fonts/Roboto-Bold.ttf' (160K)
[2019.01.17-22.55.59:793][  0]LogSlate: Took 0.000262 seconds to synchronously load lazily loaded font '../../../Engine/Content/Editor/Slate/Fonts/FontAwesome.ttf' (139K)
[2019.01.17-22.55.59:865][  0]LogRenderer: Reallocating scene render targets to support 1616x812 Format 10 NumSamples 1 (Frame:1).
[2019.01.17-22.56.00:056][  0]LogSlate: FSceneViewport::OnFocusLost() reason 2
[2019.01.17-22.56.00:070][  0]LogSlate: Window 'Tutorials' being destroyed
[2019.01.17-22.56.00:154][  0]LogContentBrowser: Native class hierarchy updated for 'HierarchicalLODOutliner' in 0.0002 seconds. Added 0 classes and 0 folders.
[2019.01.17-22.56.00:154][  0]LogLoad: (Engine Initialization) Total time: 8.12 seconds
[2019.01.17-22.56.00:154][  0]LogLoad: (Engine Initialization) Total Blueprint compile time: 0.00 seconds
[2019.01.17-22.56.00:164][  0]LogWindowsTextInputMethodSystem: Display: IME system now deactivated.
[2019.01.17-22.56.00:182][  0]LogAssetRegistry: Asset discovery search completed in 4.2694 seconds
[2019.01.17-22.56.00:184][  0]LogCollectionManager: Rebuilt the object cache for 0 collections in 0.000000 seconds (found 0 objects)
[2019.01.17-22.56.00:184][  0]LogCollectionManager: Fixed up redirectors for 0 collections in 0.000039 seconds (updated 0 objects)
[2019.01.17-22.56.00:185][  0]LogContentStreaming: Texture pool size now 1000 MB
[2019.01.17-22.56.05:432][604]LogSlate: FSceneViewport::OnFocusLost() reason 0
[2019.01.17-22.56.05:654][621]LogRenderer: Reallocating scene render targets to support 1620x812 Format 10 NumSamples 1 (Frame:608).
[2019.01.17-22.56.05:802][628]LogRenderer: Reallocating scene render targets to support 1624x812 Format 10 NumSamples 1 (Frame:614).
[2019.01.17-22.56.05:908][631]LogRenderer: Reallocating scene render targets to support 1632x812 Format 10 NumSamples 1 (Frame:620).
[2019.01.17-22.56.05:944][632]LogRenderer: Reallocating scene render targets to support 1636x812 Format 10 NumSamples 1 (Frame:622).
[2019.01.17-22.56.06:020][634]LogRenderer: Reallocating scene render targets to support 1640x812 Format 10 NumSamples 1 (Frame:626).
[2019.01.17-22.56.06:060][635]LogRenderer: Reallocating scene render targets to support 1648x812 Format 10 NumSamples 1 (Frame:628).
[2019.01.17-22.56.06:099][636]LogRenderer: Reallocating scene render targets to support 1652x812 Format 10 NumSamples 1 (Frame:630).
[2019.01.17-22.56.06:172][638]LogRenderer: Reallocating scene render targets to support 1660x812 Format 10 NumSamples 1 (Frame:634).
[2019.01.17-22.56.06:241][640]LogRenderer: Reallocating scene render targets to support 1668x812 Format 10 NumSamples 1 (Frame:638).
[2019.01.17-22.56.06:282][641]LogRenderer: Reallocating scene render targets to support 1672x812 Format 10 NumSamples 1 (Frame:640).
[2019.01.17-22.56.06:335][642]LogRenderer: Reallocating scene render targets to support 1676x812 Format 10 NumSamples 1 (Frame:642).
[2019.01.17-22.56.06:524][652]LogRenderer: Reallocating scene render targets to support 1680x812 Format 10 NumSamples 1 (Frame:650).
[2019.01.17-22.56.11:553][238]LogRenderer: Reallocating scene render targets to support 1680x816 Format 10 NumSamples 1 (Frame:1150).
[2019.01.17-22.56.11:630][240]LogRenderer: Reallocating scene render targets to support 1680x820 Format 10 NumSamples 1 (Frame:1154).
[2019.01.17-22.56.11:705][242]LogRenderer: Reallocating scene render targets to support 1680x824 Format 10 NumSamples 1 (Frame:1158).
[2019.01.17-22.56.11:814][245]LogRenderer: Reallocating scene render targets to support 1680x828 Format 10 NumSamples 1 (Frame:1164).
[2019.01.17-22.56.11:850][246]LogRenderer: Reallocating scene render targets to support 1680x832 Format 10 NumSamples 1 (Frame:1166).
[2019.01.17-22.56.11:924][248]LogRenderer: Reallocating scene render targets to support 1680x836 Format 10 NumSamples 1 (Frame:1170).
[2019.01.17-22.56.11:963][249]LogRenderer: Reallocating scene render targets to support 1680x840 Format 10 NumSamples 1 (Frame:1172).
[2019.01.17-22.56.12:000][250]LogRenderer: Reallocating scene render targets to support 1680x844 Format 10 NumSamples 1 (Frame:1174).
[2019.01.17-22.56.12:041][251]LogRenderer: Reallocating scene render targets to support 1680x848 Format 10 NumSamples 1 (Frame:1176).
[2019.01.17-22.56.12:080][252]LogRenderer: Reallocating scene render targets to support 1680x852 Format 10 NumSamples 1 (Frame:1178).
[2019.01.17-22.56.12:118][253]LogRenderer: Reallocating scene render targets to support 1680x864 Format 10 NumSamples 1 (Frame:1180).
[2019.01.17-22.56.12:157][254]LogRenderer: Reallocating scene render targets to support 1680x872 Format 10 NumSamples 1 (Frame:1182).
[2019.01.17-22.56.12:596][300]LogRenderer: Reallocating scene render targets to support 1680x876 Format 10 NumSamples 1 (Frame:1186).
[2019.01.17-22.57.57:187][317]LogSlate: Took 0.017317 seconds to synchronously load lazily loaded font '../../../Engine/Content/Slate/Fonts/Roboto-Light.ttf' (167K)
[2019.01.17-22.57.57:350][317]LogMaterial: Display: Missing cached shader map for material M_WB_AW, compiling. 
[2019.01.17-22.57.57:469][317]LogShaderCompilers: Display: Shaders left to compile 22
[2019.01.17-22.57.57:469][317]LogShaderCompilers: Display: Shaders left to compile 12
[2019.01.17-22.57.57:469][317]LogShaderCompilers: Display: Shaders left to compile 2
[2019.01.17-22.57.57:563][317]LogAIModule: Creating AISystem for world Block_01
[2019.01.17-22.57.57:629][317]LogAssetEditorManager: Opening Asset editor for World /Game/Block_01.Block_01
[2019.01.17-22.57.57:684][317]Cmd: MAP LOAD FILE="../../../../../GitHub/AW_AssetPipeline/AW_WBox_IC001/Content/Block_01.umap" TEMPLATE=0 SHOWPROGRESS=1 FEATURELEVEL=3
[2019.01.17-22.57.57:684][317]LightingResults: New page: Lighting Build
[2019.01.17-22.57.57:686][317]LoadErrors: New page: Loading map: Block_01.umap
[2019.01.17-22.57.57:686][317]MapCheck: New page: Map Check
[2019.01.17-22.57.57:686][317]LightingResults: New page: Lighting Build
[2019.01.17-22.57.57:794][317]LogEditorServer: Finished looking for orphan Actors (0.000 secs)
[2019.01.17-22.57.57:858][317]Cmd: MAP CHECKDEP NOCLEARLOG
[2019.01.17-22.57.57:913][317]MapCheck: Map check complete: 0 Error(s), 0 Warning(s), took 55.259ms to complete.
[2019.01.17-22.57.57:914][317]LogFileHelpers: Loading map 'Block_01' took 0.249
[2019.01.17-22.58.26:271][ 26]LogAssetEditorManager: Opening Asset editor for MaterialInstanceConstant /Game/MI_WBSideWalk_AW.MI_WBSideWalk_AW
[2019.01.17-22.58.48:461][817]LogSlate: Window 'Color Picker' being destroyed
[2019.01.17-22.58.53:075][ 56]Cmd: OBJ SAVEPACKAGE PACKAGE="/Game/MI_WBSideWalk_AW" FILE="../../../../../GitHub/AW_AssetPipeline/AW_WBox_IC001/Content/MI_WBSideWalk_AW.uasset" SILENT=true
[2019.01.17-22.58.53:117][ 56]LogMaterial: Display: Missing cached shader map for material FDebugViewModeMaterialProxy MI_WBSideWalk_AW, compiling. 
[2019.01.17-22.58.53:579][ 56]LogShaderCompilers: Display: Shaders left to compile 1
[2019.01.17-22.58.53:581][ 56]TextureStreamingBuild: Display: Compiling optional shaders took 0.472 seconds.
[2019.01.17-22.58.53:732][ 56]LogSavePackage: Moving '../../../../../GitHub/AW_AssetPipeline/AW_WBox_IC001/Saved/MI_WBSideWalk_AW996DBD334ADE5BCE3E06849B8F646C49.tmp' to '../../../../../GitHub/AW_AssetPipeline/AW_WBox_IC001/Content/MI_WBSideWalk_AW.uasset'
[2019.01.17-22.58.56:017][189]LogSlate: Window 'MI_WBSideWalk_AW' being destroyed
[2019.01.17-22.58.56:064][189]LogSlate: Window 'MI_WBSideWalk_AW' being destroyed
[2019.01.17-22.59.01:644][600]LogAssetEditorManager: Opening Asset editor for MaterialInstanceConstant /Game/MI_WBStreet_AW.MI_WBStreet_AW
[2019.01.17-23.00.20:377][967]LogSlate: Window 'Color Picker' being destroyed
[2019.01.17-23.00.23:245][ 81]Cmd: OBJ SAVEPACKAGE PACKAGE="/Game/MI_WBStreet_AW" FILE="../../../../../GitHub/AW_AssetPipeline/AW_WBox_IC001/Content/MI_WBStreet_AW.uasset" SILENT=true
[2019.01.17-23.00.23:269][ 81]LogMaterial: Display: Missing cached shader map for material FDebugViewModeMaterialProxy MI_WBStreet_AW, compiling. 
[2019.01.17-23.00.23:702][ 81]LogShaderCompilers: Display: Shaders left to compile 1
[2019.01.17-23.00.23:704][ 81]TextureStreamingBuild: Display: Compiling optional shaders took 0.438 seconds.
[2019.01.17-23.00.23:737][ 81]LogSavePackage: Moving '../../../../../GitHub/AW_AssetPipeline/AW_WBox_IC001/Saved/MI_WBStreet_AW269C663644AE31B486E592A288D8A653.tmp' to '../../../../../GitHub/AW_AssetPipeline/AW_WBox_IC001/Content/MI_WBStreet_AW.uasset'
[2019.01.17-23.00.29:539][425]LogSlate: Window 'MI_WBStreet_AW' being destroyed
[2019.01.17-23.00.29:601][425]LogSlate: Window 'MI_WBStreet_AW' being destroyed
[2019.01.17-23.01.00:369][554]LogSlate: FSceneViewport::OnFocusLost() reason 0
[2019.01.17-23.01.12:471][896]LogSlate: FSceneViewport::OnFocusLost() reason 2
[2019.01.17-23.06.05:205][636]LogSlate: FSceneViewport::OnFocusLost() reason 2
[2019.01.17-23.06.14:791][127]LogSlate: FSceneViewport::OnFocusLost() reason 0
[2019.01.17-23.06.20:995][840]LogSlate: Window 'AW_WBox_IC001 - Unreal Editor' being destroyed
[2019.01.17-23.06.21:276][841]Cmd: QUIT_EDITOR
[2019.01.17-23.06.21:332][841]LogWindowsTextInputMethodSystem: Display: IME system now deactivated.
[2019.01.17-23.06.21:342][841]LogExit: Preparing to exit.
[2019.01.17-23.06.22:101][841]LogExit: Editor shut down
[2019.01.17-23.06.22:102][841]LogExit: Transaction tracking system shut down
[2019.01.17-23.06.22:475][841]LogExit: Object subsystem successfully closed.
[2019.01.17-23.06.22:499][841]LogShaderCompilers: Display: Shaders left to compile 0
[2019.01.17-23.06.22:502][841]LogD3D11RHI: Shutdown
[2019.01.17-23.06.22:502][841]LogD3D11RHI: CleanupD3DDevice
[2019.01.17-23.06.22:511][841]LogD3D11RHI: ~FD3D11DynamicRHI
[2019.01.17-23.06.22:522][841]LogModuleManager: Shutting down and abandoning module HierarchicalLODOutliner (602)
[2019.01.17-23.06.22:522][841]LogModuleManager: Shutting down and abandoning module SceneOutliner (600)
[2019.01.17-23.06.22:522][841]LogModuleManager: Shutting down and abandoning module AddContentDialog (598)
[2019.01.17-23.06.22:522][841]LogModuleManager: Shutting down and abandoning module WidgetCarousel (597)
[2019.01.17-23.06.22:522][841]LogModuleManager: Shutting down and abandoning module EditorWidgets (594)
[2019.01.17-23.06.22:522][841]LogModuleManager: Shutting down and abandoning module CollectionManager (592)
[2019.01.17-23.06.22:522][841]LogModuleManager: Shutting down and abandoning module HierarchicalLODUtilities (590)
[2019.01.17-23.06.22:522][841]LogModuleManager: Shutting down and abandoning module StatsViewer (588)
[2019.01.17-23.06.22:522][841]LogModuleManager: Shutting down and abandoning module FoliageEdit (586)
[2019.01.17-23.06.22:522][841]LogModuleManager: Shutting down and abandoning module LandscapeEditor (584)
[2019.01.17-23.06.22:522][841]LogModuleManager: Shutting down and abandoning module MeshPaintMode (582)
[2019.01.17-23.06.22:522][841]LogModuleManager: Shutting down and abandoning module SceneDepthPickerMode (580)
[2019.01.17-23.06.22:522][841]LogModuleManager: Shutting down and abandoning module ActorPickerMode (578)
[2019.01.17-23.06.22:522][841]LogModuleManager: Shutting down and abandoning module GeometryMode (576)
[2019.01.17-23.06.22:522][841]LogModuleManager: Shutting down and abandoning module TextureAlignMode (574)
[2019.01.17-23.06.22:522][841]LogModuleManager: Shutting down and abandoning module BspMode (572)
[2019.01.17-23.06.22:522][841]LogModuleManager: Shutting down and abandoning module PIEPreviewDeviceProfileSelector (570)
[2019.01.17-23.06.22:522][841]LogModuleManager: Shutting down and abandoning module SequenceRecorderSections (568)
[2019.01.17-23.06.22:522][841]LogModuleManager: Shutting down and abandoning module AutomationWorker (566)
[2019.01.17-23.06.22:522][841]LogModuleManager: Shutting down and abandoning module AudioCaptureEditor (564)
[2019.01.17-23.06.22:522][841]LogModuleManager: Shutting down and abandoning module SequenceRecorder (563)
[2019.01.17-23.06.22:522][841]LogModuleManager: Shutting down and abandoning module MatineeToLevelSequence (560)
[2019.01.17-23.06.22:523][841]LogModuleManager: Shutting down and abandoning module LevelSequenceEditor (558)
[2019.01.17-23.06.22:523][841]LogModuleManager: Shutting down and abandoning module PlacementMode (557)
[2019.01.17-23.06.22:523][841]LogModuleManager: Shutting down and abandoning module MaterialEditor (556)
[2019.01.17-23.06.22:523][841]LogModuleManager: Shutting down and abandoning module WmfMediaFactory (552)
[2019.01.17-23.06.22:523][841]LogModuleManager: Shutting down and abandoning module WmfMediaEditor (550)
[2019.01.17-23.06.22:523][841]LogModuleManager: Shutting down and abandoning module MediaPlayerEditor (548)
[2019.01.17-23.06.22:523][841]LogModuleManager: Shutting down and abandoning module OpenExrWrapper (546)
[2019.01.17-23.06.22:523][841]LogModuleManager: Shutting down and abandoning module ImgMediaFactory (544)
[2019.01.17-23.06.22:523][841]LogModuleManager: Shutting down and abandoning module ImgMediaEditor (542)
[2019.01.17-23.06.22:523][841]LogModuleManager: Shutting down and abandoning module AvfMediaFactory (540)
[2019.01.17-23.06.22:523][841]LogModuleManager: Shutting down and abandoning module AvfMediaEditor (538)
[2019.01.17-23.06.22:523][841]LogModuleManager: Shutting down and abandoning module AndroidMediaFactory (536)
[2019.01.17-23.06.22:523][841]LogModuleManager: Shutting down and abandoning module AndroidMediaEditor (534)
[2019.01.17-23.06.22:523][841]LogModuleManager: Shutting down and abandoning module MagicLeapCameraPreviewFactory (532)
[2019.01.17-23.06.22:523][841]LogModuleManager: Shutting down and abandoning module MagicLeapMediaFactory (530)
[2019.01.17-23.06.22:523][841]LogModuleManager: Shutting down and abandoning module MagicLeapMediaEditor (528)
[2019.01.17-23.06.22:523][841]LogModuleManager: Shutting down and abandoning module CharacterAI (526)
[2019.01.17-23.06.22:523][841]LogModuleManager: Shutting down and abandoning module SmartSnapping (524)
[2019.01.17-23.06.22:523][841]LogModuleManager: Shutting down and abandoning module SessionServices (522)
[2019.01.17-23.06.22:523][841]LogModuleManager: Shutting down and abandoning module ViewportSnapping (520)
[2019.01.17-23.06.22:523][841]LogModuleManager: Shutting down and abandoning module ViewportInteraction (518)
[2019.01.17-23.06.22:523][841]LogModuleManager: Shutting down and abandoning module ClothPainter (516)
[2019.01.17-23.06.22:523][841]LogModuleManager: Shutting down and abandoning module SkeletalMeshEditor (515)
[2019.01.17-23.06.22:523][841]LogModuleManager: Shutting down and abandoning module LogVisualizer (512)
[2019.01.17-23.06.22:523][841]LogModuleManager: Shutting down and abandoning module IntroTutorials (510)
[2019.01.17-23.06.22:523][841]LogModuleManager: Shutting down and abandoning module GameProjectGeneration (509)
[2019.01.17-23.06.22:523][841]LogModuleManager: Shutting down and abandoning module LuminPlatformEditor (506)
[2019.01.17-23.06.22:523][841]LogModuleManager: Shutting down and abandoning module IOSPlatformEditor (504)
[2019.01.17-23.06.22:523][841]LogModuleManager: Shutting down and abandoning module HTML5PlatformEditor (502)
[2019.01.17-23.06.22:523][841]LogModuleManager: Shutting down and abandoning module AndroidPlatformEditor (500)
[2019.01.17-23.06.22:523][841]LogModuleManager: Shutting down and abandoning module AndroidDeviceDetection (499)
[2019.01.17-23.06.23:453][841]LogModuleManager: Shutting down and abandoning module WindowsPlatformEditor (496)
[2019.01.17-23.06.23:453][841]LogModuleManager: Shutting down and abandoning module LuminRuntimeSettings (494)
[2019.01.17-23.06.23:453][841]LogModuleManager: Shutting down and abandoning module IOSRuntimeSettings (492)
[2019.01.17-23.06.23:453][841]LogModuleManager: Shutting down and abandoning module AndroidRuntimeSettings (490)
[2019.01.17-23.06.23:453][841]LogModuleManager: Shutting down and abandoning module InputBindingEditor (488)
[2019.01.17-23.06.23:453][841]LogModuleManager: Shutting down and abandoning module MergeActors (486)
[2019.01.17-23.06.23:453][841]LogModuleManager: Shutting down and abandoning module LocalizationDashboard (484)
[2019.01.17-23.06.23:453][841]LogModuleManager: Shutting down and abandoning module LocalizationService (483)
[2019.01.17-23.06.23:453][841]LogModuleManager: Shutting down and abandoning module HardwareTargeting (480)
[2019.01.17-23.06.23:453][841]LogModuleManager: Shutting down and abandoning module DeviceProfileEditor (478)
[2019.01.17-23.06.23:453][841]LogModuleManager: Shutting down and abandoning module UndoHistory (476)
[2019.01.17-23.06.23:453][841]LogModuleManager: Shutting down and abandoning module XmlParser (474)
[2019.01.17-23.06.23:453][841]LogModuleManager: Shutting down and abandoning module Blutility (472)
[2019.01.17-23.06.23:453][841]LogModuleManager: Shutting down and abandoning module ProjectSettingsViewer (470)
[2019.01.17-23.06.23:453][841]LogModuleManager: Shutting down and abandoning module ProjectTargetPlatformEditor (469)
[2019.01.17-23.06.23:453][841]LogModuleManager: Shutting down and abandoning module EditorSettingsViewer (466)
[2019.01.17-23.06.23:453][841]LogModuleManager: Shutting down and abandoning module SettingsEditor (464)
[2019.01.17-23.06.23:453][841]LogModuleManager: Shutting down and abandoning module ProjectLauncher (462)
[2019.01.17-23.06.23:453][841]LogModuleManager: Shutting down and abandoning module SessionFrontend (460)
[2019.01.17-23.06.23:453][841]LogModuleManager: Shutting down and abandoning module ProfilerClient (458)
[2019.01.17-23.06.23:453][841]LogModuleManager: Shutting down and abandoning module DeviceManager (456)
[2019.01.17-23.06.23:453][841]LogModuleManager: Shutting down and abandoning module TargetDeviceServices (455)
[2019.01.17-23.06.23:509][841]LogModuleManager: Shutting down and abandoning module AutomationController (452)
[2019.01.17-23.06.23:509][841]LogModuleManager: Shutting down and abandoning module AutomationWindow (450)
[2019.01.17-23.06.23:509][841]LogModuleManager: Shutting down and abandoning module Layers (448)
[2019.01.17-23.06.23:509][841]LogModuleManager: Shutting down and abandoning module ComponentVisualizers (446)
[2019.01.17-23.06.23:509][841]LogModuleManager: Shutting down and abandoning module DetailCustomizations (444)
[2019.01.17-23.06.23:509][841]LogModuleManager: Shutting down and abandoning module PackagesDialog (442)
[2019.01.17-23.06.23:509][841]LogModuleManager: Shutting down and abandoning module Persona (440)
[2019.01.17-23.06.23:509][841]LogModuleManager: Shutting down and abandoning module AdvancedPreviewScene (439)
[2019.01.17-23.06.23:509][841]LogModuleManager: Shutting down and abandoning module AnimGraph (437)
[2019.01.17-23.06.23:509][841]LogModuleManager: Shutting down and abandoning module Kismet (434)
[2019.01.17-23.06.23:509][841]LogModuleManager: Shutting down and abandoning module GraphEditor (432)
[2019.01.17-23.06.23:509][841]LogModuleManager: Shutting down and abandoning module ClassViewer (430)
[2019.01.17-23.06.23:509][841]LogModuleManager: Shutting down and abandoning module Toolbox (428)
[2019.01.17-23.06.23:509][841]LogModuleManager: Shutting down and abandoning module ModuleUI (426)
[2019.01.17-23.06.23:509][841]LogModuleManager: Shutting down and abandoning module MovieSceneTools (424)
[2019.01.17-23.06.23:509][841]LogModuleManager: Shutting down and abandoning module OutputLog (422)
[2019.01.17-23.06.23:509][841]LogModuleManager: Shutting down and abandoning module GammaUI (420)
[2019.01.17-23.06.23:509][841]LogModuleManager: Shutting down and abandoning module Documentation (418)
[2019.01.17-23.06.23:509][841]LogModuleManager: Shutting down and abandoning module MovieSceneTracks (416)
[2019.01.17-23.06.23:509][841]LogModuleManager: Shutting down and abandoning module MovieScene (414)
[2019.01.17-23.06.23:509][841]LogModuleManager: Shutting down and abandoning module StreamingPauseRendering (412)
[2019.01.17-23.06.23:510][841]LogModuleManager: Shutting down and abandoning module LauncherPlatform (410)
[2019.01.17-23.06.23:510][841]LogModuleManager: Shutting down and abandoning module AnalyticsET (408)
[2019.01.17-23.06.23:510][841]LogModuleManager: Shutting down and abandoning module PortalServices (406)
[2019.01.17-23.06.23:510][841]LogModuleManager: Shutting down and abandoning module PortalRpc (404)
[2019.01.17-23.06.23:510][841]LogModuleManager: Shutting down and abandoning module MessagingRpc (402)
[2019.01.17-23.06.23:510][841]LogModuleManager: Shutting down and abandoning module AIModule (400)
[2019.01.17-23.06.23:510][841]LogModuleManager: Shutting down and abandoning module GameplayDebugger (399)
[2019.01.17-23.06.23:510][841]LogModuleManager: Shutting down and abandoning module AITestSuite (397)
[2019.01.17-23.06.23:510][841]LogModuleManager: Shutting down and abandoning module NavigationSystem (395)
[2019.01.17-23.06.23:510][841]LogModuleManager: Shutting down and abandoning module DesktopPlatform (392)
[2019.01.17-23.06.23:510][841]LogModuleManager: Shutting down and abandoning module ProfilerService (390)
[2019.01.17-23.06.23:619][841]LogModuleManager: Shutting down and abandoning module TaskGraph (388)
[2019.01.17-23.06.23:619][841]LogModuleManager: Shutting down and abandoning module ProceduralMeshComponentEditor (386)
[2019.01.17-23.06.23:619][841]LogModuleManager: Shutting down and abandoning module ProceduralMeshComponent (384)
[2019.01.17-23.06.23:619][841]LogModuleManager: Shutting down and abandoning module MobilePatchingUtils (382)
[2019.01.17-23.06.23:619][841]LogModuleManager: Shutting down and abandoning module EditableMesh (380)
[2019.01.17-23.06.23:619][841]LogModuleManager: Shutting down and abandoning module CustomMeshComponent (378)
[2019.01.17-23.06.23:619][841]LogModuleManager: Shutting down and abandoning module CableComponent (376)
[2019.01.17-23.06.23:619][841]LogModuleManager: Shutting down and abandoning module AudioCapture (374)
[2019.01.17-23.06.23:619][841]LogModuleManager: Shutting down and abandoning module ArchVisCharacter (372)
[2019.01.17-23.06.23:619][841]LogModuleManager: Shutting down and abandoning module AndroidPermission (370)
[2019.01.17-23.06.23:619][841]LogModuleManager: Shutting down and abandoning module NUTUnrealEngine4 (368)
[2019.01.17-23.06.23:619][841]LogModuleManager: Shutting down and abandoning module NetcodeUnitTest (366)
[2019.01.17-23.06.23:619][841]LogModuleManager: Shutting down and abandoning module MediaCompositingEditor (364)
[2019.01.17-23.06.23:619][841]LogModuleManager: Shutting down and abandoning module MediaCompositing (362)
[2019.01.17-23.06.23:619][841]LogModuleManager: Shutting down and abandoning module LinearTimecode (360)
[2019.01.17-23.06.23:619][841]LogModuleManager: Shutting down and abandoning module ImgMedia (358)
[2019.01.17-23.06.23:622][841]LogModuleManager: Shutting down and abandoning module HTML5Networking (356)
[2019.01.17-23.06.23:622][841]LogModuleManager: Shutting down and abandoning module GeometryCacheTracks (354)
[2019.01.17-23.06.23:622][841]LogModuleManager: Shutting down and abandoning module GeometryCacheSequencer (352)
[2019.01.17-23.06.23:622][841]LogModuleManager: Shutting down and abandoning module BackChannel (350)
[2019.01.17-23.06.23:622][841]LogModuleManager: Shutting down and abandoning module AppleVision (348)
[2019.01.17-23.06.23:622][841]LogModuleManager: Shutting down and abandoning module AppleImageUtils (346)
[2019.01.17-23.06.23:622][841]LogModuleManager: Shutting down and abandoning module AlembicImporter (344)
[2019.01.17-23.06.23:622][841]LogModuleManager: Shutting down and abandoning module AlembicLibrary (343)
[2019.01.17-23.06.23:622][841]LogModuleManager: Shutting down and abandoning module GeometryCache (342)
[2019.01.17-23.06.23:622][841]LogModuleManager: Shutting down and abandoning module GeometryCacheEd (341)
[2019.01.17-23.06.23:622][841]LogModuleManager: Shutting down and abandoning module DatasmithContentEditor (336)
[2019.01.17-23.06.23:622][841]LogModuleManager: Shutting down and abandoning module DatasmithContent (334)
[2019.01.17-23.06.23:623][841]LogModuleManager: Shutting down and abandoning module SpeedTreeImporter (332)
[2019.01.17-23.06.23:623][841]LogModuleManager: Shutting down and abandoning module PluginBrowser (330)
[2019.01.17-23.06.23:623][841]LogModuleManager: Shutting down and abandoning module MobileLauncherProfileWizard (328)
[2019.01.17-23.06.23:623][841]LogModuleManager: Shutting down and abandoning module PolygonModeling (326)
[2019.01.17-23.06.23:623][841]LogModuleManager: Shutting down and abandoning module MeshEditor (324)
[2019.01.17-23.06.23:623][841]LogModuleManager: Shutting down and abandoning module CryptoKeysOpenSSL (322)
[2019.01.17-23.06.23:623][841]LogModuleManager: Shutting down and abandoning module CryptoKeys (320)
[2019.01.17-23.06.23:623][841]LogModuleManager: Shutting down and abandoning module VisualStudioSourceCodeAccess (318)
[2019.01.17-23.06.23:623][841]LogModuleManager: Shutting down and abandoning module VisualStudioCodeSourceCodeAccess (316)
[2019.01.17-23.06.23:623][841]LogModuleManager: Shutting down and abandoning module UObjectPlugin (314)
[2019.01.17-23.06.23:623][841]LogModuleManager: Shutting down and abandoning module SubversionSourceControl (312)
[2019.01.17-23.06.23:623][841]LogModuleManager: Shutting down and abandoning module PerforceSourceControl (310)
[2019.01.17-23.06.23:623][841]LogModuleManager: Shutting down and abandoning module GitSourceControl (308)
[2019.01.17-23.06.23:623][841]LogModuleManager: Shutting down and abandoning module SourceControl (307)
[2019.01.17-23.06.23:623][841]LogModuleManager: Shutting down and abandoning module CLionSourceCodeAccess (304)
[2019.01.17-23.06.23:623][841]LogModuleManager: Shutting down and abandoning module LightPropagationVolumeEditor (302)
[2019.01.17-23.06.23:623][841]LogModuleManager: Shutting down and abandoning module PaperTiledImporter (300)
[2019.01.17-23.06.23:623][841]LogModuleManager: Shutting down and abandoning module PaperSpriteSheetImporter (298)
[2019.01.17-23.06.23:623][841]LogModuleManager: Shutting down and abandoning module Paper2DEditor (296)
[2019.01.17-23.06.23:623][841]LogModuleManager: Shutting down and abandoning module MeshPaint (295)
[2019.01.17-23.06.23:623][841]LogModuleManager: Shutting down and abandoning module RuntimePhysXCooking (292)
[2019.01.17-23.06.23:623][841]LogModuleManager: Shutting down and abandoning module PhysXVehiclesEditor (290)
[2019.01.17-23.06.23:623][841]LogModuleManager: Shutting down and abandoning module PhysXVehicles (288)
[2019.01.17-23.06.23:623][841]LogModuleManager: Shutting down and abandoning module LocationServicesBPLibrary (286)
[2019.01.17-23.06.23:623][841]LogModuleManager: Shutting down and abandoning module ImmediatePhysicsEditor (284)
[2019.01.17-23.06.23:623][841]LogModuleManager: Shutting down and abandoning module ImmediatePhysics (282)
[2019.01.17-23.06.23:623][841]LogModuleManager: Shutting down and abandoning module ActorSequence (280)
[2019.01.17-23.06.23:623][841]LogModuleManager: Shutting down and abandoning module UdpMessaging (278)
[2019.01.17-23.06.23:724][841]LogModuleManager: Shutting down and abandoning module TcpMessaging (276)
[2019.01.17-23.06.23:825][841]LogModuleManager: Shutting down and abandoning module MagicLeapAudio (274)
[2019.01.17-23.06.23:825][841]LogModuleManager: Shutting down and abandoning module GameplayTagsEditor (272)
[2019.01.17-23.06.23:825][841]LogModuleManager: Shutting down and abandoning module FacialAnimationEditor (270)
[2019.01.17-23.06.23:825][841]LogModuleManager: Shutting down and abandoning module FacialAnimation (268)
[2019.01.17-23.06.23:825][841]LogModuleManager: Shutting down and abandoning module DataValidation (266)
[2019.01.17-23.06.23:825][841]LogModuleManager: Shutting down and abandoning module AssetManagerEditor (264)
[2019.01.17-23.06.23:825][841]LogModuleManager: Shutting down and abandoning module LevelEditor (263)
[2019.01.17-23.06.23:825][841]LogModuleManager: Shutting down and abandoning module PixelInspectorModule (262)
[2019.01.17-23.06.23:825][841]LogModuleManager: Shutting down and abandoning module CommonMenuExtensions (260)
[2019.01.17-23.06.23:826][841]LogModuleManager: Shutting down and abandoning module MainFrame (258)
[2019.01.17-23.06.23:826][841]LogModuleManager: Shutting down and abandoning module HotReload (257)
[2019.01.17-23.06.23:826][841]LogModuleManager: Shutting down and abandoning module ContentBrowser (253)
[2019.01.17-23.06.23:827][841]LogModuleManager: Shutting down and abandoning module TreeMap (251)
[2019.01.17-23.06.23:827][841]LogModuleManager: Shutting down and abandoning module LightPropagationVolumeRuntime (248)
[2019.01.17-23.06.23:827][841]LogModuleManager: Shutting down and abandoning module AISupportModule (246)
[2019.01.17-23.06.23:827][841]LogModuleManager: Shutting down and abandoning module Paper2D (244)
[2019.01.17-23.06.23:827][841]LogModuleManager: Shutting down and abandoning module WindowsMoviePlayer (242)
[2019.01.17-23.06.23:827][841]LogModuleManager: Shutting down and abandoning module WmfMedia (240)
[2019.01.17-23.06.23:828][841]LogModuleManager: Shutting down and abandoning module Media (239)
[2019.01.17-23.06.23:834][841]LogModuleManager: Shutting down and abandoning module PacketHandler (236)
[2019.01.17-23.06.23:834][841]LogModuleManager: Shutting down and abandoning module ClothingSystemEditor (234)
[2019.01.17-23.06.23:834][841]LogModuleManager: Shutting down and abandoning module ClothingSystemRuntime (232)
[2019.01.17-23.06.23:834][841]LogModuleManager: Shutting down and abandoning module MediaAssets (230)
[2019.01.17-23.06.23:834][841]LogModuleManager: Shutting down and abandoning module Overlay (228)
[2019.01.17-23.06.23:834][841]LogModuleManager: Shutting down and abandoning module OverlayEditor (227)
[2019.01.17-23.06.23:834][841]LogModuleManager: Shutting down and abandoning module VREditor (224)
[2019.01.17-23.06.23:834][841]LogModuleManager: Shutting down and abandoning module StringTableEditor (222)
[2019.01.17-23.06.23:834][841]LogModuleManager: Shutting down and abandoning module GameplayTasksEditor (220)
[2019.01.17-23.06.23:834][841]LogModuleManager: Shutting down and abandoning module BehaviorTreeEditor (218)
[2019.01.17-23.06.23:834][841]LogModuleManager: Shutting down and abandoning module FunctionalTesting (216)
[2019.01.17-23.06.23:834][841]LogModuleManager: Shutting down and abandoning module CollisionAnalyzer (214)
[2019.01.17-23.06.23:834][841]LogModuleManager: Shutting down and abandoning module WorkspaceMenuStructure (213)
[2019.01.17-23.06.23:834][841]LogModuleManager: Shutting down and abandoning module UMG (210)
[2019.01.17-23.06.23:834][841]LogModuleManager: Shutting down and abandoning module UMGEditor (209)
[2019.01.17-23.06.23:834][841]LogModuleManager: Shutting down and abandoning module Sequencer (208)
[2019.01.17-23.06.23:835][841]LogModuleManager: Shutting down and abandoning module MessageLog (205)
[2019.01.17-23.06.23:835][841]LogModuleManager: Shutting down and abandoning module SlateReflector (200)
[2019.01.17-23.06.23:835][841]LogModuleManager: Shutting down and abandoning module Slate (198)
[2019.01.17-23.06.23:835][841]LogModuleManager: Shutting down and abandoning module EditorStyle (196)
[2019.01.17-23.06.23:836][841]LogModuleManager: Shutting down and abandoning module MRMesh (194)
[2019.01.17-23.06.23:836][841]LogModuleManager: Shutting down and abandoning module SourceCodeAccess (192)
[2019.01.17-23.06.23:836][841]LogModuleManager: Shutting down and abandoning module HeadMountedDisplay (190)
[2019.01.17-23.06.23:836][841]LogModuleManager: Shutting down and abandoning module XAudio2 (188)
[2019.01.17-23.06.23:836][841]LogModuleManager: Shutting down and abandoning module Networking (186)
[2019.01.17-23.06.23:836][841]LogModuleManager: Shutting down and abandoning module Core (184)
[2019.01.17-23.06.23:836][841]LogModuleManager: Shutting down and abandoning module LevelSequence (182)
[2019.01.17-23.06.23:836][841]LogModuleManager: Shutting down and abandoning module KismetCompiler (180)
[2019.01.17-23.06.23:836][841]LogModuleManager: Shutting down and abandoning module MeshUtilities (178)
[2019.01.17-23.06.23:836][841]LogModuleManager: Shutting down and abandoning module MeshMergeUtilities (177)
[2019.01.17-23.06.23:836][841]LogModuleManager: Shutting down and abandoning module MeshReductionInterface (176)
[2019.01.17-23.06.23:836][841]LogModuleManager: Shutting down and abandoning module SimplygonSwarm (175)
[2019.01.17-23.06.23:836][841]LogModuleManager: Shutting down and abandoning module ProxyLODMeshReduction (173)
[2019.01.17-23.06.23:836][841]LogModuleManager: Shutting down and abandoning module SimplygonMeshReduction (171)
[2019.01.17-23.06.23:836][841]LogModuleManager: Shutting down and abandoning module QuadricMeshReduction (169)
[2019.01.17-23.06.23:836][841]LogModuleManager: Shutting down and abandoning module MaterialBaking (165)
[2019.01.17-23.06.23:836][841]LogModuleManager: Shutting down and abandoning module DirectoryWatcher (161)
[2019.01.17-23.06.23:836][841]LogModuleManager: Shutting down and abandoning module DerivedDataCache (158)
[2019.01.17-23.06.23:846][841]LogDerivedDataCache: Shutdown
[2019.01.17-23.06.23:846][841]LogModuleManager: Shutting down and abandoning module XGEController (156)
[2019.01.17-23.06.23:846][841]LogModuleManager: Shutting down and abandoning module TargetPlatform (154)
[2019.01.17-23.06.23:846][841]LogModuleManager: Shutting down and abandoning module VulkanShaderFormat (153)
[2019.01.17-23.06.23:846][841]LogModuleManager: Shutting down and abandoning module ShaderFormatVectorVM (151)
[2019.01.17-23.06.23:846][841]LogModuleManager: Shutting down and abandoning module ShaderFormatOpenGL (149)
[2019.01.17-23.06.23:846][841]LogModuleManager: Shutting down and abandoning module ShaderFormatD3D (147)
[2019.01.17-23.06.23:846][841]LogModuleManager: Shutting down and abandoning module MetalShaderFormat (145)
[2019.01.17-23.06.23:846][841]LogModuleManager: Shutting down and abandoning module TextureFormatUncompressed (143)
[2019.01.17-23.06.23:846][841]LogModuleManager: Shutting down and abandoning module TextureFormatPVR (141)
[2019.01.17-23.06.23:846][841]LogModuleManager: Shutting down and abandoning module TextureFormatDXT (139)
[2019.01.17-23.06.23:846][841]LogModuleManager: Shutting down and abandoning module TextureFormatIntelISPCTexComp (137)
[2019.01.17-23.06.23:846][841]LogModuleManager: Shutting down and abandoning module TextureFormatASTC (135)
[2019.01.17-23.06.23:846][841]LogModuleManager: Shutting down and abandoning module ImageWrapper (134)
[2019.01.17-23.06.23:846][841]LogModuleManager: Shutting down and abandoning module TextureFormatAndroid (131)
[2019.01.17-23.06.23:846][841]LogModuleManager: Shutting down and abandoning module AudioFormatOpus (129)
[2019.01.17-23.06.23:846][841]LogModuleManager: Shutting down and abandoning module AudioFormatOgg (127)
[2019.01.17-23.06.23:846][841]LogModuleManager: Shutting down and abandoning module AudioFormatADPCM (125)
[2019.01.17-23.06.23:846][841]LogModuleManager: Shutting down and abandoning module LuminTargetPlatform (123)
[2019.01.17-23.06.23:846][841]LogModuleManager: Shutting down and abandoning module LinuxTargetPlatform (121)
[2019.01.17-23.06.23:846][841]LogModuleManager: Shutting down and abandoning module LinuxServerTargetPlatform (119)
[2019.01.17-23.06.23:846][841]LogModuleManager: Shutting down and abandoning module LinuxNoEditorTargetPlatform (117)
[2019.01.17-23.06.23:847][841]LogModuleManager: Shutting down and abandoning module LinuxClientTargetPlatform (115)
[2019.01.17-23.06.23:847][841]LogModuleManager: Shutting down and abandoning module TVOSTargetPlatform (113)
[2019.01.17-23.06.23:847][841]LogModuleManager: Shutting down and abandoning module Messaging (111)
[2019.01.17-23.06.23:847][841]LogModuleManager: Shutting down and abandoning module IOSTargetPlatform (109)
[2019.01.17-23.06.23:848][841]LogModuleManager: Shutting down and abandoning module HTML5TargetPlatform (107)
[2019.01.17-23.06.23:848][841]LogModuleManager: Shutting down and abandoning module AndroidTargetPlatform (105)
[2019.01.17-23.06.23:853][841]LogModuleManager: Shutting down and abandoning module WindowsTargetPlatform (103)
[2019.01.17-23.06.23:853][841]LogModuleManager: Shutting down and abandoning module WindowsServerTargetPlatform (101)
[2019.01.17-23.06.23:853][841]LogModuleManager: Shutting down and abandoning module WindowsNoEditorTargetPlatform (99)
[2019.01.17-23.06.23:853][841]LogModuleManager: Shutting down and abandoning module WindowsClientTargetPlatform (97)
[2019.01.17-23.06.23:853][841]LogModuleManager: Shutting down and abandoning module MacTargetPlatform (95)
[2019.01.17-23.06.23:853][841]LogModuleManager: Shutting down and abandoning module MacServerTargetPlatform (93)
[2019.01.17-23.06.23:853][841]LogModuleManager: Shutting down and abandoning module MacNoEditorTargetPlatform (91)
[2019.01.17-23.06.23:853][841]LogModuleManager: Shutting down and abandoning module MacClientTargetPlatform (89)
[2019.01.17-23.06.23:853][841]LogModuleManager: Shutting down and abandoning module AllDesktopTargetPlatform (87)
[2019.01.17-23.06.23:853][841]LogModuleManager: Shutting down and abandoning module InputCore (84)
[2019.01.17-23.06.23:853][841]LogModuleManager: Shutting down and abandoning module Settings (82)
[2019.01.17-23.06.23:853][841]LogModuleManager: Shutting down and abandoning module PhysXCooking (80)
[2019.01.17-23.06.23:853][841]LogModuleManager: Shutting down and abandoning module ExampleDeviceProfileSelector (78)
[2019.01.17-23.06.23:853][841]LogModuleManager: Shutting down and abandoning module LauncherChunkInstaller (76)
[2019.01.17-23.06.23:853][841]LogModuleManager: Shutting down and abandoning module OnlineBlueprintSupport (74)
[2019.01.17-23.06.23:853][841]LogModuleManager: Shutting down and abandoning module OnlineSubsystem (70)
[2019.01.17-23.06.23:853][841]LogModuleManager: Shutting down and abandoning module XMPP (65)
[2019.01.17-23.06.23:854][841]LogModuleManager: Shutting down and abandoning module WebSockets (64)
[2019.01.17-23.06.23:866][841]LogModuleManager: Shutting down and abandoning module HTTP (61)
[2019.01.17-23.06.23:866][841]LogHttp: Display: Http module shutting down, but needs to wait on 1 outstanding Http requests:
[2019.01.17-23.06.23:866][841]LogHttp: Display: 	verb=[POST] url=[https://datarouter.ol.epicgames.com/datarouter/api/v1/public/data?SessionID=%7B5B82D287-4324-2AFA-700B-C1B11093E3BE%7D&AppID=UEEditor.Rocket.Release&AppVersion=4.20.3-4369336%2B%2B%2BUE4%2BRelease-4.20&UserID=171d8055405cd181f0e425a23618287e%7Cb73a1934e325431fbbbf70ddd0fddd85%7Ccdfd2462-3778-441f-afb4-cec96da08f97&AppEnvironment=datacollector-binary&UploadType=eteventstream] status=Processing
[2019.01.17-23.06.23:894][841]LogModuleManager: Shutting down and abandoning module SSL (60)
[2019.01.17-23.06.23:894][841]LogModuleManager: Shutting down and abandoning module MagicLeapEmulator (56)
[2019.01.17-23.06.23:894][841]LogModuleManager: Shutting down and abandoning module MagicLeapPrivileges (54)
[2019.01.17-23.06.23:894][841]LogModuleManager: Shutting down and abandoning module MagicLeapIdentity (52)
[2019.01.17-23.06.23:894][841]LogModuleManager: Shutting down and abandoning module MagicLeapHelperVulkan (50)
[2019.01.17-23.06.23:894][841]LogModuleManager: Shutting down and abandoning module MagicLeapHelperOpenGL (48)
[2019.01.17-23.06.23:894][841]LogModuleManager: Shutting down and abandoning module MagicLeapSecureStorage (46)
[2019.01.17-23.06.23:895][841]LogModuleManager: Shutting down and abandoning module MagicLeapGestures (44)
[2019.01.17-23.06.23:895][841]LogModuleManager: Shutting down and abandoning module MagicLeapEyeTracker (42)
[2019.01.17-23.06.23:895][841]LogModuleManager: Shutting down and abandoning module MagicLeapController (40)
[2019.01.17-23.06.23:895][841]LogSlate: Slate User Destroyed.  User Index 0, Is Virtual User: 0
[2019.01.17-23.06.23:895][841]LogModuleManager: Shutting down and abandoning module MagicLeap (38)
[2019.01.17-23.06.23:895][841]LogModuleManager: Shutting down and abandoning module AnimationModifiers (36)
[2019.01.17-23.06.23:895][841]LogModuleManager: Shutting down and abandoning module PropertyEditor (35)
[2019.01.17-23.06.23:895][841]LogModuleManager: Shutting down and abandoning module AudioEditor (32)
[2019.01.17-23.06.23:895][841]LogModuleManager: Shutting down and abandoning module TextureCompressor (30)
[2019.01.17-23.06.23:895][841]LogModuleManager: Shutting down and abandoning module ShaderCore (28)
[2019.01.17-23.06.23:895][841]LogModuleManager: Shutting down and abandoning module Landscape (26)
[2019.01.17-23.06.23:895][841]LogModuleManager: Shutting down and abandoning module SlateRHIRenderer (24)
[2019.01.17-23.06.23:895][841]LogModuleManager: Shutting down and abandoning module OpenGLDrv (22)
[2019.01.17-23.06.23:895][841]LogModuleManager: Shutting down and abandoning module D3D11RHI (20)
[2019.01.17-23.06.23:895][841]LogModuleManager: Shutting down and abandoning module AnimGraphRuntime (18)
[2019.01.17-23.06.23:895][841]LogModuleManager: Shutting down and abandoning module Renderer (16)
[2019.01.17-23.06.23:895][841]LogModuleManager: Shutting down and abandoning module Engine (14)
[2019.01.17-23.06.23:895][841]LogModuleManager: Shutting down and abandoning module CoreUObject (12)
[2019.01.17-23.06.23:895][841]LogModuleManager: Shutting down and abandoning module NetworkFile (10)
[2019.01.17-23.06.23:895][841]LogModuleManager: Shutting down and abandoning module CookedIterativeFile (8)
[2019.01.17-23.06.23:895][841]LogModuleManager: Shutting down and abandoning module StreamingFile (6)
[2019.01.17-23.06.23:895][841]LogModuleManager: Shutting down and abandoning module SandboxFile (4)
[2019.01.17-23.06.23:895][841]LogModuleManager: Shutting down and abandoning module PakFile (2)
[2019.01.17-23.06.23:901][841]LogExit: Exiting.
[2019.01.17-23.06.23:911][841]Log file closed, 01/17/19 16:06:23
