Log file open, 01/17/19 21:09:05
LogWindows: Failed to load 'aqProf.dll' (GetLastError=126)
LogWindows: File 'aqProf.dll' does not exist
LogWindows: Failed to load 'VtuneApi.dll' (GetLastError=126)
LogWindows: File 'VtuneApi.dll' does not exist
LogWindows: Failed to load 'VtuneApi32e.dll' (GetLastError=126)
LogWindows: File 'VtuneApi32e.dll' does not exist
LogInit: Display: Running engine for game: AW_WBox_IC001
LogPlatformFile: Not using cached read wrapper
LogTaskGraph: Started task graph with 5 named threads and 23 total threads with 3 sets of task threads.
LogStats: Stats thread started at 0.280882
LogD3D11RHI: Loaded GFSDK_Aftermath_Lib.x64.dll
LogICUInternationalization: Display: ICU TimeZone Detection - Raw Offset: -7:00, Platform Override: ''
LogPluginManager: Mounting plugin Paper2D
LogPluginManager: Mounting plugin AISupport
LogPluginManager: Mounting plugin LightPropagationVolume
LogPluginManager: Mounting plugin CLionSourceCodeAccess
LogPluginManager: Mounting plugin CodeLiteSourceCodeAccess
LogPluginManager: Mounting plugin GitSourceControl
LogPluginManager: Mounting plugin KDevelopSourceCodeAccess
LogPluginManager: Mounting plugin NullSourceCodeAccess
LogPluginManager: Mounting plugin PerforceSourceControl
LogPluginManager: Mounting plugin SubversionSourceControl
LogPluginManager: Mounting plugin UObjectPlugin
LogPluginManager: Mounting plugin VisualStudioCodeSourceCodeAccess
LogPluginManager: Mounting plugin VisualStudioSourceCodeAccess
LogPluginManager: Mounting plugin XCodeSourceCodeAccess
LogPluginManager: Mounting plugin AssetManagerEditor
LogPluginManager: Mounting plugin CryptoKeys
LogPluginManager: Mounting plugin DataValidation
LogPluginManager: Mounting plugin FacialAnimation
LogPluginManager: Mounting plugin GameplayTagsEditor
LogPluginManager: Mounting plugin MacGraphicsSwitching
LogPluginManager: Mounting plugin MeshEditor
LogPluginManager: Mounting plugin MobileLauncherProfileWizard
LogPluginManager: Mounting plugin PluginBrowser
LogPluginManager: Mounting plugin SpeedTreeImporter
LogPluginManager: Mounting plugin DatasmithContent
LogPluginManager: Mounting plugin AlembicImporter
LogPluginManager: Mounting plugin AppleImageUtils
LogPluginManager: Mounting plugin AppleVision
LogPluginManager: Mounting plugin BackChannel
LogPluginManager: Mounting plugin CharacterAI
LogPluginManager: Mounting plugin GeometryCache
LogPluginManager: Mounting plugin HTML5Networking
LogPluginManager: Mounting plugin ProxyLODPlugin
LogPluginManager: Mounting plugin MagicLeap
LogPluginManager: Mounting plugin MagicLeapEmulator
LogPluginManager: Mounting plugin MagicLeapMedia
LogPluginManager: Mounting plugin AndroidMedia
LogPluginManager: Mounting plugin AvfMedia
LogPluginManager: Mounting plugin ImgMedia
LogPluginManager: Mounting plugin LinearTimecode
LogPluginManager: Mounting plugin MediaCompositing
LogPluginManager: Mounting plugin MediaPlayerEditor
LogPluginManager: Mounting plugin WmfMedia
LogPluginManager: Mounting plugin TcpMessaging
LogPluginManager: Mounting plugin UdpMessaging
LogPluginManager: Mounting plugin ActorSequence
LogPluginManager: Mounting plugin LevelSequenceEditor
LogPluginManager: Mounting plugin MatineeToLevelSequence
LogPluginManager: Mounting plugin NetcodeUnitTest
LogPluginManager: Mounting plugin NUTUnrealEngine4
LogPluginManager: Mounting plugin OnlineSubsystemGooglePlay
LogPluginManager: Mounting plugin OnlineSubsystemIOS
LogPluginManager: Mounting plugin OnlineSubsystem
LogPluginManager: Mounting plugin OnlineSubsystemNull
LogPluginManager: Mounting plugin OnlineSubsystemUtils
LogPluginManager: Mounting plugin LauncherChunkInstaller
LogPluginManager: Mounting plugin AndroidDeviceProfileSelector
LogPluginManager: Mounting plugin AndroidMoviePlayer
LogPluginManager: Mounting plugin AndroidPermission
LogPluginManager: Mounting plugin AppleMoviePlayer
LogPluginManager: Mounting plugin ArchVisCharacter
LogPluginManager: Mounting plugin AudioCapture
LogPluginManager: Mounting plugin CableComponent
LogPluginManager: Mounting plugin CustomMeshComponent
LogPluginManager: Mounting plugin EditableMesh
LogPluginManager: Mounting plugin ExampleDeviceProfileSelector
LogPluginManager: Mounting plugin GoogleCloudMessaging
LogPluginManager: Mounting plugin ImmediatePhysics
LogPluginManager: Mounting plugin IOSDeviceProfileSelector
LogPluginManager: Mounting plugin LinuxDeviceProfileSelector
LogPluginManager: Mounting plugin LocationServicesBPLibrary
LogPluginManager: Mounting plugin MobilePatchingUtils
LogPluginManager: Mounting plugin PhysXVehicles
LogPluginManager: Mounting plugin ProceduralMeshComponent
LogPluginManager: Mounting plugin RuntimePhysXCooking
LogPluginManager: Mounting plugin WindowsMoviePlayer
LogStreaming: Display: Took  0.081s to configure plugins.
LogInit: Using libcurl 7.55.1-DEV
LogInit:  - built for x86_64-pc-win32
LogInit:  - supports SSL with OpenSSL/1.0.2h
LogInit:  - supports HTTP deflate (compression) using libz 1.2.8
LogInit:  - other features:
LogInit:      CURL_VERSION_SSL
LogInit:      CURL_VERSION_LIBZ
LogInit:      CURL_VERSION_IPV6
LogInit:      CURL_VERSION_ASYNCHDNS
LogInit:      CURL_VERSION_LARGEFILE
LogInit:      CURL_VERSION_IDN
LogInit:  CurlRequestOptions (configurable via config and command line):
LogInit:  - bVerifyPeer = false  - Libcurl will NOT verify peer certificate
LogInit:  - bUseHttpProxy = false  - Libcurl will NOT use HTTP proxy
LogInit:  - bDontReuseConnections = false  - Libcurl will reuse connections
LogInit:  - CertBundlePath = nullptr  - Libcurl will use whatever was configured at build time.
LogInit:  - MaxHostConnections = 16  - Libcurl will limit the number of connections to a host
LogInit:  - LocalHostAddr = Default
LogInit:  - BufferSize = 65536
LogInit: WinSock: version 1.1 (2.2), MaxSocks=32767, MaxUdp=65467
LogInit: Build: ++UE4+Release-4.20-CL-4369336
LogInit: Engine Version: 4.20.3-4369336+++UE4+Release-4.20
LogInit: Compatible Engine Version: 4.20.0-4212847+++UE4+Release-4.20
LogInit: Net CL: 4212847
LogInit: OS: Windows 10 (), CPU: Intel(R) Core(TM) i7-4790K CPU @ 4.00GHz, GPU: NVIDIA GeForce RTX 2080 Ti
LogInit: Compiled (64-bit): Sep 17 2018 12:26:19
LogInit: Compiled with Visual C++: 19.13.26129.00
LogInit: Build Configuration: Development
LogInit: Branch Name: ++UE4+Release-4.20
LogInit: Command Line: -EpicPortal  -epicusername="MrWindy" -epicuserid=b73a1934e325431fbbbf70ddd0fddd85 -epiclocale=en-US
LogInit: Base Directory: D:/Unreal Games/UE_4.20/Engine/Binaries/Win64/
LogInit: Installed Engine Build: 1
LogDevObjectVersion: Number of dev versions registered: 20
LogDevObjectVersion:   Dev-Blueprints (B0D832E4-1F89-4F0D-ACCF-7EB736FD4AA2): 10
LogDevObjectVersion:   Dev-Build (E1C64328-A22C-4D53-A36C-8E866417BD8C): 0
LogDevObjectVersion:   Dev-Core (375EC13C-06E4-48FB-B500-84F0262A717E): 2
LogDevObjectVersion:   Dev-Editor (E4B068ED-F494-42E9-A231-DA0B2E46BB41): 24
LogDevObjectVersion:   Dev-Framework (CFFC743F-43B0-4480-9391-14DF171D2073): 34
LogDevObjectVersion:   Dev-Mobile (B02B49B5-BB20-44E9-A304-32B752E40360): 2
LogDevObjectVersion:   Dev-Networking (A4E4105C-59A1-49B5-A7C5-40C4547EDFEE): 0
LogDevObjectVersion:   Dev-Online (39C831C9-5AE6-47DC-9A44-9C173E1C8E7C): 0
LogDevObjectVersion:   Dev-Physics (78F01B33-EBEA-4F98-B9B4-84EACCB95AA2): 0
LogDevObjectVersion:   Dev-Platform (6631380F-2D4D-43E0-8009-CF276956A95A): 0
LogDevObjectVersion:   Dev-Rendering (12F88B9F-8875-4AFC-A67C-D90C383ABD29): 26
LogDevObjectVersion:   Dev-Sequencer (7B5AE74C-D270-4C10-A958-57980B212A5A): 9
LogDevObjectVersion:   Dev-VR (D7296918-1DD6-4BDD-9DE2-64A83CC13884): 2
LogDevObjectVersion:   Dev-LoadTimes (C2A15278-BFE7-4AFE-6C17-90FF531DF755): 1
LogDevObjectVersion:   Private-Geometry (6EACA3D4-40EC-4CC1-B786-8BED09428FC5): 3
LogDevObjectVersion:   Dev-AnimPhys (29E575DD-E0A3-4627-9D10-D276232CDCEA): 17
LogDevObjectVersion:   Dev-ReflectionCapture (6B266CEC-1EC7-4B8F-A30B-E4D90942FC07): 1
LogDevObjectVersion:   Dev-Automation (0DF73D61-A23F-47EA-B727-89E90C41499A): 1
LogDevObjectVersion:   FortniteMain (601D1886-AC64-4F84-AA16-D3DE0DEAC7D6): 12
LogDevObjectVersion:   Dev-Enterprise (9DFFBCD6-494F-0158-E221-12823C92A888): 1
LogStreaming: Display: Took  0.000s to delete old logs.
LogInit: Presizing for max 8388607 objects, including 0 objects not considered by GC, pre-allocating 0 bytes for permanent pool.
LogInit: Object subsystem initialized
[2019.01.18-04.09.05:505][  0]LogInit: Selected Device Profile: [Windows]
[2019.01.18-04.09.05:505][  0]LogInit: Applying CVar settings loaded from the selected device profile: [Windows]
[2019.01.18-04.09.05:517][  0]LogHAL: Display: Platform has ~ 16 GB [17105489920 / 17179869184 / 16], which maps to Larger [LargestMinGB=32, LargerMinGB=12, DefaultMinGB=8, SmallerMinGB=6, SmallestMinGB=0)
[2019.01.18-04.09.05:517][  0]LogInit: Setting Device Profile CVar: [[r.Vulkan.UseRealUBs:1]]
[2019.01.18-04.09.05:517][  0]LogInit: Going up to parent DeviceProfile []
[2019.01.18-04.09.05:517][  0]LogInit: Computer: VR-MATRIX
[2019.01.18-04.09.05:517][  0]LogInit: User: Andrew
[2019.01.18-04.09.05:517][  0]LogInit: CPU Page size=4096, Cores=4
[2019.01.18-04.09.05:517][  0]LogInit: High frequency timer resolution =3.903984 MHz
[2019.01.18-04.09.05:518][  0]LogMemory: Memory total: Physical=15.9GB (16GB approx)
[2019.01.18-04.09.05:518][  0]LogMemory: Platform Memory Stats for Windows
[2019.01.18-04.09.05:518][  0]LogMemory: Process Physical Memory: 98.78 MB used, 98.78 MB peak
[2019.01.18-04.09.05:518][  0]LogMemory: Process Virtual Memory: 90.79 MB used, 90.79 MB peak
[2019.01.18-04.09.05:518][  0]LogMemory: Physical Memory: 8034.94 MB used,  8278.13 MB free, 16313.07 MB total
[2019.01.18-04.09.05:518][  0]LogMemory: Virtual Memory: 4638.33 MB used,  8278.13 MB free, 134217728.00 MB total
[2019.01.18-04.09.05:537][  0]LogInit: Using OS detected language (en-US).
[2019.01.18-04.09.05:537][  0]LogInit: Using OS detected locale (en-US).
[2019.01.18-04.09.05:538][  0]LogTextLocalizationManager: No specific localization for 'en-US' exists, so the 'en' localization will be used.
[2019.01.18-04.09.05:889][  0]LogStreaming: Display: Took  0.352s to InitEngineTextLocalization.
[2019.01.18-04.09.05:889][  0]LogInit: Setting process to per monitor DPI aware
[2019.01.18-04.09.05:940][  0]LogSlate: New Slate User Created.  User Index 0, Is Virtual User: 0
[2019.01.18-04.09.05:940][  0]LogSlate: Slate User Registered.  User Index 0, Is Virtual User: 0
[2019.01.18-04.09.06:142][  0]LogD3D11RHI: D3D11 adapters:
[2019.01.18-04.09.06:256][  0]LogD3D11RHI:    0. 'NVIDIA GeForce RTX 2080 Ti' (Feature Level 11_0)
[2019.01.18-04.09.06:256][  0]LogD3D11RHI:       11048/0/8156 MB DedicatedVideo/DedicatedSystem/SharedSystem, Outputs:2, VendorId:0x10de
[2019.01.18-04.09.06:258][  0]LogD3D11RHI:    1. 'Microsoft Basic Render Driver' (Feature Level 11_0)
[2019.01.18-04.09.06:258][  0]LogD3D11RHI:       0/0/8156 MB DedicatedVideo/DedicatedSystem/SharedSystem, Outputs:0, VendorId:0x1414
[2019.01.18-04.09.06:258][  0]LogD3D11RHI: Chosen D3D11 Adapter: 0
[2019.01.18-04.09.06:269][  0]LogD3D11RHI: Creating new Direct3DDevice
[2019.01.18-04.09.06:269][  0]LogD3D11RHI:     GPU DeviceId: 0x1e07 (for the marketing name, search the web for "GPU Device Id")
[2019.01.18-04.09.06:269][  0]LogWindows: EnumDisplayDevices:
[2019.01.18-04.09.06:269][  0]LogWindows:    0. 'NVIDIA GeForce RTX 2080 Ti' (P:1 D:1)
[2019.01.18-04.09.06:269][  0]LogWindows:    1. 'NVIDIA GeForce RTX 2080 Ti' (P:0 D:1)
[2019.01.18-04.09.06:270][  0]LogWindows:    2. 'NVIDIA GeForce RTX 2080 Ti' (P:0 D:0)
[2019.01.18-04.09.06:270][  0]LogWindows:    3. 'NVIDIA GeForce RTX 2080 Ti' (P:0 D:0)
[2019.01.18-04.09.06:270][  0]LogWindows: DebugString: FoundDriverCount:4 
[2019.01.18-04.09.06:270][  0]LogD3D11RHI:     Adapter Name: NVIDIA GeForce RTX 2080 Ti
[2019.01.18-04.09.06:270][  0]LogD3D11RHI:   Driver Version: 416.34 (internal:25.21.14.1634, unified:416.34)
[2019.01.18-04.09.06:270][  0]LogD3D11RHI:      Driver Date: 10-10-2018
[2019.01.18-04.09.06:270][  0]LogRHI: Texture pool is 7733 MB (70% of 11048 MB)
[2019.01.18-04.09.06:326][  0]LogD3D11RHI: Async texture creation enabled
[2019.01.18-04.09.06:359][  0]LogD3D11RHI: GPU Timing Frequency: 1000.000000 (Debug: 2 2)
[2019.01.18-04.09.06:403][  0]LogD3D11RHI: HDR output is supported on display 0 (NvId: 0x80061086).
[2019.01.18-04.09.06:403][  0]LogShaderCompilers: Guid format shader working directory is -6 characters bigger than the processId version (../../../../../GitHub/AW_AssetPipeline/AW_WBox_IC001/Intermediate/Shaders/WorkingDirectory/11024/).
[2019.01.18-04.09.06:404][  0]LogShaderCompilers: Cleaned the shader compiler working directory 'C:/Users/Andrew/AppData/Local/Temp/UnrealShaderWorkingDir/151368D54C0A0A5CD54149AD5A9482D5/'.
[2019.01.18-04.09.06:673][  0]LogTemp: Display: Loaded TP AllDesktopTargetPlatform
[2019.01.18-04.09.06:688][  0]LogTemp: Display: Loaded TP MacClientTargetPlatform
[2019.01.18-04.09.06:702][  0]LogTemp: Display: Loaded TP MacNoEditorTargetPlatform
[2019.01.18-04.09.06:716][  0]LogTemp: Display: Loaded TP MacServerTargetPlatform
[2019.01.18-04.09.06:728][  0]LogTemp: Display: Loaded TP MacTargetPlatform
[2019.01.18-04.09.06:739][  0]LogTemp: Display: Loaded TP WindowsClientTargetPlatform
[2019.01.18-04.09.06:751][  0]LogTemp: Display: Loaded TP WindowsNoEditorTargetPlatform
[2019.01.18-04.09.06:762][  0]LogTemp: Display: Loaded TP WindowsServerTargetPlatform
[2019.01.18-04.09.06:767][  0]LogTemp: Display: Loaded TP WindowsTargetPlatform
[2019.01.18-04.09.06:838][  0]LogTemp: Display: Loaded TP AndroidTargetPlatform
[2019.01.18-04.09.06:838][  0]LogTemp: Display: Loaded TP AndroidTargetPlatform
[2019.01.18-04.09.06:838][  0]LogTemp: Display: Loaded TP AndroidTargetPlatform
[2019.01.18-04.09.06:838][  0]LogTemp: Display: Loaded TP AndroidTargetPlatform
[2019.01.18-04.09.06:838][  0]LogTemp: Display: Loaded TP AndroidTargetPlatform
[2019.01.18-04.09.06:838][  0]LogTemp: Display: Loaded TP AndroidTargetPlatform
[2019.01.18-04.09.06:838][  0]LogTemp: Display: Loaded TP AndroidTargetPlatform
[2019.01.18-04.09.06:838][  0]LogTemp: Display: Loaded TP AndroidTargetPlatform
[2019.01.18-04.09.06:838][  0]LogTemp: Display: Loaded TP AndroidTargetPlatform
[2019.01.18-04.09.06:838][  0]LogTemp: Display: Loaded TP AndroidTargetPlatform
[2019.01.18-04.09.06:838][  0]LogTemp: Display: Loaded TP AndroidTargetPlatform
[2019.01.18-04.09.06:838][  0]LogTemp: Display: Loaded TP AndroidTargetPlatform
[2019.01.18-04.09.06:838][  0]LogTemp: Display: Loaded TP AndroidTargetPlatform
[2019.01.18-04.09.06:838][  0]LogTemp: Display: Loaded TP AndroidTargetPlatform
[2019.01.18-04.09.06:838][  0]LogTemp: Display: Loaded TP AndroidTargetPlatform
[2019.01.18-04.09.06:838][  0]LogTemp: Display: Loaded TP AndroidTargetPlatform
[2019.01.18-04.09.06:838][  0]LogTemp: Display: Loaded TP AndroidTargetPlatform
[2019.01.18-04.09.06:838][  0]LogTemp: Display: Loaded TP AndroidTargetPlatform
[2019.01.18-04.09.06:839][  0]LogTemp: Display: Loaded TP HTML5TargetPlatform
[2019.01.18-04.09.06:896][  0]LogTemp: Display: Loaded TP IOSTargetPlatform
[2019.01.18-04.09.06:896][  0]LogTemp: Display: Loaded TP IOSTargetPlatform
[2019.01.18-04.09.06:917][  0]LogTemp: Display: Loaded TP TVOSTargetPlatform
[2019.01.18-04.09.06:917][  0]LogTemp: Display: Loaded TP TVOSTargetPlatform
[2019.01.18-04.09.06:931][  0]LogTemp: Display: Loaded TP LinuxClientTargetPlatform
[2019.01.18-04.09.06:943][  0]LogTemp: Display: Loaded TP LinuxNoEditorTargetPlatform
[2019.01.18-04.09.06:955][  0]LogTemp: Display: Loaded TP LinuxServerTargetPlatform
[2019.01.18-04.09.06:968][  0]LogTemp: Display: Loaded TP LinuxTargetPlatform
[2019.01.18-04.09.06:977][  0]LogTemp: Display: Loaded TP LuminTargetPlatform
[2019.01.18-04.09.06:977][  0]LogTargetPlatformManager: Display: Building Assets For Windows
[2019.01.18-04.09.07:026][  0]LogXGEController: Cannot use XGE Controller as Incredibuild is not installed on this machine.
[2019.01.18-04.09.07:026][  0]LogShaderCompilers: Cannot use XGE Shader Compiler as Incredibuild is not installed on this machine.
[2019.01.18-04.09.07:026][  0]LogShaderCompilers: Display: Using Local Shader Compiler.
[2019.01.18-04.09.07:725][  0]LogDerivedDataCache: Display: Max Cache Size: 512 MB
[2019.01.18-04.09.07:810][  0]LogDerivedDataCache: Loaded boot cache 0.08s 71MB C:/Users/Andrew/AppData/Local/UnrealEngine/4.20/DerivedDataCache/Boot.ddc.
[2019.01.18-04.09.07:811][  0]LogDerivedDataCache: Display: Loaded Boot cache: C:/Users/Andrew/AppData/Local/UnrealEngine/4.20/DerivedDataCache/Boot.ddc
[2019.01.18-04.09.07:811][  0]LogDerivedDataCache: FDerivedDataBackendGraph:  Pak pak cache file ../../../../../GitHub/AW_AssetPipeline/AW_WBox_IC001/DerivedDataCache/DDC.ddp not found, will not use a pak cache.
[2019.01.18-04.09.07:811][  0]LogDerivedDataCache: Unable to find inner node Pak for hierarchical cache Hierarchy.
[2019.01.18-04.09.07:811][  0]LogDerivedDataCache: FDerivedDataBackendGraph:  CompressedPak pak cache file ../../../../../GitHub/AW_AssetPipeline/AW_WBox_IC001/DerivedDataCache/Compressed.ddp not found, will not use a pak cache.
[2019.01.18-04.09.07:811][  0]LogDerivedDataCache: Unable to find inner node CompressedPak for hierarchical cache Hierarchy.
[2019.01.18-04.09.07:822][  0]LogDerivedDataCache: Display: Pak cache opened for reading ../../../Engine/DerivedDataCache/Compressed.ddp.
[2019.01.18-04.09.07:835][  0]LogDerivedDataCache: Using Local data cache path C:/Users/Andrew/AppData/Local/UnrealEngine/Common/DerivedDataCache: Writable
[2019.01.18-04.09.07:835][  0]LogDerivedDataCache: Shared data cache path not found in *engine.ini, will not use an Shared cache.
[2019.01.18-04.09.07:835][  0]LogDerivedDataCache: Unable to find inner node Shared for hierarchical cache Hierarchy.
[2019.01.18-04.09.07:853][  0]LogMaterial: Verifying Global Shaders for PCD3D_SM5
[2019.01.18-04.09.07:854][  0]LogSlate: Using FreeType 2.6.0
[2019.01.18-04.09.07:855][  0]LogSlate: SlateFontServices - WITH_FREETYPE: 1, WITH_HARFBUZZ: 1
[2019.01.18-04.09.07:927][  0]LogAssetRegistry: FAssetRegistry took 0.0250 seconds to start up
[2019.01.18-04.09.08:233][  0]LogInit: Selected Device Profile: [Windows]
[2019.01.18-04.09.08:280][  0]LogSimplygon: Simplygon DLL not present - disabling.
[2019.01.18-04.09.08:283][  0]LogMeshReduction: Using SimplygonSwarm for distributed automatic mesh merging
[2019.01.18-04.09.08:283][  0]LogMeshReduction: Using ProxyLODMeshReduction for automatic mesh merging
[2019.01.18-04.09.08:283][  0]LogMeshReduction: Using QuadricMeshReduction for automatic static mesh reduction
[2019.01.18-04.09.08:283][  0]LogMeshReduction: No automatic skeletal mesh reduction module available
[2019.01.18-04.09.08:383][  0]LogNetVersion: AW_WBox_IC001 1.0.0, NetCL: 4212847, EngineNetVer: 5, GameNetVer: 0 (Checksum: 1097059151)
[2019.01.18-04.09.08:877][  0]LogPackageLocalizationCache: Processed 9 localized package path(s) for 2 prioritized culture(s) in 0.077926 seconds
[2019.01.18-04.09.08:883][  0]LogUObjectArray: 37967 objects as part of root set at end of initial load.
[2019.01.18-04.09.08:883][  0]LogUObjectAllocator: 6605920 out of 0 bytes used by permanent object pool.
[2019.01.18-04.09.08:883][  0]LogUObjectArray: CloseDisregardForGC: 0/0 objects in disregard for GC pool
[2019.01.18-04.09.09:680][  0]LogTcpMessaging: Initializing TcpMessaging bridge
[2019.01.18-04.09.09:694][  0]LogUdpMessaging: Initializing bridge on interface 0.0.0.0:0 to multicast group 230.0.0.1:6666.
[2019.01.18-04.09.09:804][  0]SourceControl: Source control is disabled
[2019.01.18-04.09.09:804][  0]SourceControl: Source control is disabled
[2019.01.18-04.09.09:805][  0]SourceControl: Source control is disabled
[2019.01.18-04.09.09:806][  0]SourceControl: Source control is disabled
[2019.01.18-04.09.09:964][  0]LogAndroidPermission: UAndroidPermissionCallbackProxy::GetInstance
[2019.01.18-04.09.10:404][  0]LogEngine: Initializing Engine...
[2019.01.18-04.09.10:406][  0]LogStats: UGameplayTagsManager::ConstructGameplayTagTree: ImportINI prefixes -  0.000 s
[2019.01.18-04.09.10:406][  0]LogStats: UGameplayTagsManager::ConstructGameplayTagTree: Construct from data asset -  0.000 s
[2019.01.18-04.09.10:406][  0]LogStats: UGameplayTagsManager::ConstructGameplayTagTree: ImportINI -  0.000 s
[2019.01.18-04.09.10:406][  0]LogStats: UGameplayTagsManager::ConstructGameplayTagTree: GameplayTagTreeChangedEvent.Broadcast -  0.000 s
[2019.01.18-04.09.10:602][  0]LogInit: Initializing FReadOnlyCVARCache
[2019.01.18-04.09.10:614][  0]LogAIModule: Creating AISystem for world Untitled
[2019.01.18-04.09.10:790][  0]LogInit: XAudio2 using 'Speakers (Dell AC511 USB SoundBar)' : 2 channels at 44.1 kHz using 16 bits per sample (channel mask 0x3)
[2019.01.18-04.09.10:809][  0]LogInit: FAudioDevice initialized.
[2019.01.18-04.09.10:809][  0]LogNetVersion: Set ProjectVersion to 1.0.0.0. Version Checksum will be recalculated on next use.
[2019.01.18-04.09.10:890][  0]LogDerivedDataCache: Saved boot cache 0.08s 71MB C:/Users/Andrew/AppData/Local/UnrealEngine/4.20/DerivedDataCache/Boot.ddc.
[2019.01.18-04.09.10:898][  0]LogInit: Texture streaming: Enabled
[2019.01.18-04.09.10:914][  0]LogEngineSessionManager: EngineSessionManager initialized
[2019.01.18-04.09.10:928][  0]LogInit: Transaction tracking system initialized
[2019.01.18-04.09.10:945][  0]BlueprintLog: New page: Editor Load
[2019.01.18-04.09.11:009][  0]LocalizationService: Localization service is disabled
[2019.01.18-04.09.11:237][  0]LogCook: Display: Max memory allowance for cook 16384mb min free memory 0mb
[2019.01.18-04.09.11:237][  0]LogCook: Display: Mobile HDR setting 1
[2019.01.18-04.09.11:237][  0]LogGameplayTags: Display: UGameplayTagsManager::DoneAddingNativeTags. DelegateIsBound: 0
[2019.01.18-04.09.11:237][  0]LogFileCache: Scanning file cache for directory 'D:/GitHub/AW_AssetPipeline/AW_WBox_IC001/Content/' took 0.01s
[2019.01.18-04.09.11:237][  0]LogStats: UGameplayTagsManager::ConstructGameplayTagTree: ImportINI prefixes -  0.000 s
[2019.01.18-04.09.11:237][  0]LogStats: UGameplayTagsManager::ConstructGameplayTagTree: Construct from data asset -  0.000 s
[2019.01.18-04.09.11:237][  0]LogStats: UGameplayTagsManager::ConstructGameplayTagTree: ImportINI -  0.000 s
[2019.01.18-04.09.11:237][  0]LogStats: UGameplayTagsManager::ConstructGameplayTagTree: GameplayTagTreeChangedEvent.Broadcast -  0.000 s
[2019.01.18-04.09.11:344][  0]SourceControl: Source control is disabled
[2019.01.18-04.09.11:344][  0]Cmd: MAP LOAD FILE="../../../Engine/Content/Maps/Templates/Template_Default.umap" TEMPLATE=1 SHOWPROGRESS=1 FEATURELEVEL=3
[2019.01.18-04.09.11:344][  0]LightingResults: New page: Lighting Build
[2019.01.18-04.09.11:346][  0]MapCheck: New page: Map Check
[2019.01.18-04.09.11:346][  0]LightingResults: New page: Lighting Build
[2019.01.18-04.09.11:535][  0]LogAIModule: Creating AISystem for world Untitled_1
[2019.01.18-04.09.11:541][  0]LogEditorServer: Finished looking for orphan Actors (0.000 secs)
[2019.01.18-04.09.11:561][  0]Cmd: MAP CHECKDEP NOCLEARLOG
[2019.01.18-04.09.11:610][  0]MapCheck: Map check complete: 0 Error(s), 0 Warning(s), took 48.622ms to complete.
[2019.01.18-04.09.11:610][  0]LogFileHelpers: Loading map 'Template_Default' took 0.266
[2019.01.18-04.09.11:735][  0]LogSlate: Updating window title bar state: overlay mode, drag disabled, window buttons hidden, title bar hidden
[2019.01.18-04.09.11:742][  0]LogSlate: Updating window title bar state: overlay mode, drag disabled, window buttons hidden, title bar hidden
[2019.01.18-04.09.11:749][  0]LogSlate: Updating window title bar state: overlay mode, drag disabled, window buttons hidden, title bar hidden
[2019.01.18-04.09.11:759][  0]LogSlate: Updating window title bar state: overlay mode, drag disabled, window buttons hidden, title bar hidden
[2019.01.18-04.09.11:765][  0]LogCollectionManager: Loaded 0 collections in 0.001061 seconds
[2019.01.18-04.09.11:808][  0]LogFileCache: Scanning file cache for directory 'D:/GitHub/AW_AssetPipeline/AW_WBox_IC001/Saved/Collections/' took 0.01s
[2019.01.18-04.09.11:808][  0]LogFileCache: Scanning file cache for directory 'D:/GitHub/AW_AssetPipeline/AW_WBox_IC001/Content/Developers/Andrew/Collections/' took 0.01s
[2019.01.18-04.09.11:808][  0]LogFileCache: Scanning file cache for directory 'D:/GitHub/AW_AssetPipeline/AW_WBox_IC001/Content/Collections/' took 0.01s
[2019.01.18-04.09.11:808][  0]LogCollectionManager: Rebuilt the GUID cache for 0 collections in 0.000000 seconds
[2019.01.18-04.09.11:817][  0]LogContentBrowser: Native class hierarchy populated in 0.0084 seconds. Added 2565 classes and 594 folders.
[2019.01.18-04.09.11:822][  0]LogContentBrowser: Native class hierarchy updated for 'WidgetCarousel' in 0.0002 seconds. Added 0 classes and 0 folders.
[2019.01.18-04.09.11:859][  0]LogContentBrowser: Native class hierarchy updated for 'AddContentDialog' in 0.0002 seconds. Added 0 classes and 0 folders.
[2019.01.18-04.09.11:863][  0]LogContentBrowser: Native class hierarchy updated for 'SceneOutliner' in 0.0003 seconds. Added 1 classes and 2 folders.
[2019.01.18-04.09.11:881][  0]LogSlate: Took 0.000243 seconds to synchronously load lazily loaded font '../../../Engine/Content/Slate/Fonts/Roboto-Regular.ttf' (155K)
[2019.01.18-04.09.11:883][  0]LogSlate: Took 0.000221 seconds to synchronously load lazily loaded font '../../../Engine/Content/Slate/Fonts/Roboto-Bold.ttf' (160K)
[2019.01.18-04.09.11:889][  0]LogSlate: Took 0.000188 seconds to synchronously load lazily loaded font '../../../Engine/Content/Editor/Slate/Fonts/FontAwesome.ttf' (139K)
[2019.01.18-04.09.11:961][  0]LogRenderer: Reallocating scene render targets to support 1680x876 Format 10 NumSamples 1 (Frame:1).
[2019.01.18-04.09.12:174][  0]LogContentBrowser: Native class hierarchy updated for 'HierarchicalLODOutliner' in 0.0003 seconds. Added 0 classes and 0 folders.
[2019.01.18-04.09.12:174][  0]LogLoad: (Engine Initialization) Total time: 8.30 seconds
[2019.01.18-04.09.12:174][  0]LogLoad: (Engine Initialization) Total Blueprint compile time: 0.00 seconds
[2019.01.18-04.09.12:184][  0]LogWindowsTextInputMethodSystem: Display: IME system now deactivated.
[2019.01.18-04.09.12:205][  0]LogAssetRegistry: Asset discovery search completed in 4.2992 seconds
[2019.01.18-04.09.12:207][  0]LogCollectionManager: Rebuilt the object cache for 0 collections in 0.000001 seconds (found 0 objects)
[2019.01.18-04.09.12:207][  0]LogCollectionManager: Fixed up redirectors for 0 collections in 0.000048 seconds (updated 0 objects)
[2019.01.18-04.09.12:208][  0]LogContentStreaming: Texture pool size now 1000 MB
[2019.01.18-04.09.18:185][466]LogSlate: FSceneViewport::OnFocusLost() reason 0
[2019.01.18-04.09.19:735][557]LogSlate: Took 0.000234 seconds to synchronously load lazily loaded font '../../../Engine/Content/Slate/Fonts/Roboto-Light.ttf' (167K)
[2019.01.18-04.09.19:906][557]LogAIModule: Creating AISystem for world Block_01
[2019.01.18-04.09.19:914][557]LogAssetEditorManager: Opening Asset editor for World /Game/Block_01.Block_01
[2019.01.18-04.09.19:932][557]Cmd: MAP LOAD FILE="../../../../../GitHub/AW_AssetPipeline/AW_WBox_IC001/Content/Block_01.umap" TEMPLATE=0 SHOWPROGRESS=1 FEATURELEVEL=3
[2019.01.18-04.09.19:932][557]LightingResults: New page: Lighting Build
[2019.01.18-04.09.19:933][557]LoadErrors: New page: Loading map: Block_01.umap
[2019.01.18-04.09.19:933][557]MapCheck: New page: Map Check
[2019.01.18-04.09.19:933][557]LightingResults: New page: Lighting Build
[2019.01.18-04.09.19:956][557]LogEditorServer: Finished looking for orphan Actors (0.000 secs)
[2019.01.18-04.09.19:990][557]Cmd: MAP CHECKDEP NOCLEARLOG
[2019.01.18-04.09.20:041][557]MapCheck: Map check complete: 0 Error(s), 0 Warning(s), took 51.205ms to complete.
[2019.01.18-04.09.20:042][557]LogFileHelpers: Loading map 'Block_01' took 0.110
[2019.01.18-04.09.46:477][457]LogEditorViewport: Clicking on Actor (LMB): BP_Sky_Sphere_C (Sky Sphere)
[2019.01.18-04.09.55:771][244]LogSlate: FSceneViewport::OnFocusLost() reason 0
[2019.01.18-04.12.28:448][960]LogSlate: FSceneViewport::OnFocusLost() reason 0
[2019.01.18-04.14.11:833][257]LogSlate: FSceneViewport::OnFocusLost() reason 0
[2019.01.18-04.14.30:474][238]Cmd: DELETE
[2019.01.18-04.14.30:474][238]Cmd: ACTOR DELETE
[2019.01.18-04.14.30:653][238]LogEditorActor: Deleted Actor: Brush
[2019.01.18-04.14.30:714][238]LogEditorActor: Deleted 1 Actors (0.065 secs)
[2019.01.18-04.14.31:293][303]LogEditorViewport: Clicking on Actor (LMB): BP_Sky_Sphere_C (Sky Sphere)
[2019.01.18-04.14.33:849][598]LogEditorViewport: Clicking on Actor (LMB): BP_Sky_Sphere_C (Sky Sphere)
[2019.01.18-04.14.34:330][650]LogEditorViewport: Clicking on Actor (LMB): BP_Sky_Sphere_C (Sky Sphere)
[2019.01.18-04.14.35:755][811]LogEditorViewport: Clicking on Actor (LMB): BP_Sky_Sphere_C (Sky Sphere)
[2019.01.18-04.14.36:820][876]LogSlate: FSceneViewport::OnFocusLost() reason 0
[2019.01.18-04.14.41:725][391]Cmd: DELETE
[2019.01.18-04.14.41:725][391]Cmd: ACTOR DELETE
[2019.01.18-04.14.41:729][391]LogEditorActor: Deleted Actor: Brush
[2019.01.18-04.14.41:769][391]LogEditorActor: Deleted 1 Actors (0.044 secs)
[2019.01.18-04.14.50:914][386]LogSlate: FSceneViewport::OnFocusLost() reason 0
[2019.01.18-04.16.09:249][237]LogEditorViewport: Clicking on Actor (LMB): BP_Sky_Sphere_C (Sky Sphere)
[2019.01.18-04.16.12:315][426]LogSlate: FSceneViewport::OnFocusLost() reason 0
[2019.01.18-04.18.41:383][712]LogSlate: FSceneViewport::OnFocusLost() reason 0
[2019.01.18-04.18.41:825][725]LogAssetEditorManager: Opening Asset editor for MaterialInstanceConstant /Game/MI_WBGrass_AW.MI_WBGrass_AW
[2019.01.18-04.20.10:756][776]LogSlate: Window 'Color Picker' being destroyed
[2019.01.18-04.20.12:880][835]Cmd: OBJ SAVEPACKAGE PACKAGE="/Game/MI_WBGrass_AW" FILE="../../../../../GitHub/AW_AssetPipeline/AW_WBox_IC001/Content/MI_WBGrass_AW.uasset" SILENT=true
[2019.01.18-04.20.12:904][835]LogMaterial: Display: Missing cached shader map for material FDebugViewModeMaterialProxy MI_WBGrass_AW, compiling. 
[2019.01.18-04.20.13:372][835]LogShaderCompilers: Display: Shaders left to compile 1
[2019.01.18-04.20.13:373][835]TextureStreamingBuild: Display: Compiling optional shaders took 0.474 seconds.
[2019.01.18-04.20.13:411][835]LogSavePackage: Moving '../../../../../GitHub/AW_AssetPipeline/AW_WBox_IC001/Saved/MI_WBGrass_AW1866219E4BA36BB320E4E29E74CCB623.tmp' to '../../../../../GitHub/AW_AssetPipeline/AW_WBox_IC001/Content/MI_WBGrass_AW.uasset'
[2019.01.18-04.20.15:566][962]LogSlate: Window 'MI_WBGrass_AW' being destroyed
[2019.01.18-04.20.15:629][962]LogSlate: Window 'MI_WBGrass_AW' being destroyed
[2019.01.18-04.20.50:401][478]LogSlate: FSceneViewport::OnFocusLost() reason 2
[2019.01.18-04.20.52:240][555]LogSlate: FSceneViewport::OnFocusLost() reason 2
[2019.01.18-04.20.52:366][555]Cmd: OBJ SAVEPACKAGE PACKAGE="/Game/Block_01" FILE="../../../../../GitHub/AW_AssetPipeline/AW_WBox_IC001/Content/Block_01.umap" SILENT=true AUTOSAVING=false KEEPDIRTY=false
[2019.01.18-04.20.52:642][555]LogSavePackage: Moving '../../../../../GitHub/AW_AssetPipeline/AW_WBox_IC001/Saved/Block_0113D152544655F8B131B5D08F28DA1C7D.tmp' to '../../../../../GitHub/AW_AssetPipeline/AW_WBox_IC001/Content/Block_01.umap'
[2019.01.18-04.20.52:679][555]LogFileHelpers: Saving map 'Block_01' took 0.378
[2019.01.18-04.20.55:806][847]LogSlate: FSceneViewport::OnFocusLost() reason 2
[2019.01.18-04.24.42:538][693]Cmd: TRANSACTION UNDO
[2019.01.18-04.24.42:538][693]LogEditorTransaction: Undo Move Actors
[2019.01.18-04.24.42:604][693]LogActorComponent: ~FComponentReregisterContext: (/Game/Block_01.Block_01:PersistentLevel.BrushStreet5_21.BrushComponent0) Component already registered.
[2019.01.18-04.24.42:604][693]LogActorComponent: ~FComponentReregisterContext: (/Game/Block_01.Block_01:PersistentLevel.BrushStreet16.BrushComponent0) Component already registered.
[2019.01.18-04.24.42:604][693]LogActorComponent: ~FComponentReregisterContext: (/Game/Block_01.Block_01:PersistentLevel.BrushStreet11.BrushComponent0) Component already registered.
[2019.01.18-04.24.42:604][693]LogActorComponent: ~FComponentReregisterContext: (/Game/Block_01.Block_01:PersistentLevel.BrushStreet24.BrushComponent0) Component already registered.
[2019.01.18-04.24.42:605][693]LogActorComponent: ~FComponentReregisterContext: (/Game/Block_01.Block_01:PersistentLevel.BrushStreet20.BrushComponent0) Component already registered.
[2019.01.18-04.24.42:605][693]LogActorComponent: ~FComponentReregisterContext: (/Game/Block_01.Block_01:PersistentLevel.BrushSidewalk4.BrushComponent0) Component already registered.
[2019.01.18-04.24.42:615][693]LogActorComponent: ~FComponentReregisterContext: (/Game/Block_01.Block_01:PersistentLevel.BrushSidewalk5.BrushComponent0) Component already registered.
[2019.01.18-04.24.42:615][693]LogActorComponent: ~FComponentReregisterContext: (/Game/Block_01.Block_01:PersistentLevel.BrushStreet26.BrushComponent0) Component already registered.
[2019.01.18-04.24.42:615][693]LogActorComponent: ~FComponentReregisterContext: (/Game/Block_01.Block_01:PersistentLevel.BrushSidewalkCorner4.BrushComponent0) Component already registered.
[2019.01.18-04.24.42:616][693]LogActorComponent: ~FComponentReregisterContext: (/Game/Block_01.Block_01:PersistentLevel.BoxBrush3.BrushComponent0) Component already registered.
[2019.01.18-04.24.42:616][693]LogActorComponent: ~FComponentReregisterContext: (/Game/Block_01.Block_01:PersistentLevel.CylinderBrush3.BrushComponent0) Component already registered.
[2019.01.18-04.24.42:617][693]LogActorComponent: ~FComponentReregisterContext: (/Game/Block_01.Block_01:PersistentLevel.BrushSidewalk3.BrushComponent0) Component already registered.
[2019.01.18-04.28.01:536][ 25]Cmd: TRANSACTION UNDO
[2019.01.18-04.28.01:536][ 25]LogEditorTransaction: Undo Move Actors
[2019.01.18-04.28.01:566][ 25]LogActorComponent: ~FComponentReregisterContext: (/Game/Block_01.Block_01:PersistentLevel.BrushStreet13.BrushComponent0) Component already registered.
[2019.01.18-04.28.01:567][ 25]LogActorComponent: ~FComponentReregisterContext: (/Game/Block_01.Block_01:PersistentLevel.BrushStreet21.BrushComponent0) Component already registered.
[2019.01.18-04.28.01:570][ 25]LogActorComponent: ~FComponentReregisterContext: (/Game/Block_01.Block_01:PersistentLevel.BrushSidewalk9.BrushComponent0) Component already registered.
[2019.01.18-04.28.01:570][ 25]LogActorComponent: ~FComponentReregisterContext: (/Game/Block_01.Block_01:PersistentLevel.BrushStreet4.BrushComponent0) Component already registered.
[2019.01.18-04.28.01:571][ 25]LogActorComponent: ~FComponentReregisterContext: (/Game/Block_01.Block_01:PersistentLevel.BrushSidewalk5.BrushComponent0) Component already registered.
[2019.01.18-04.28.01:572][ 25]LogActorComponent: ~FComponentReregisterContext: (/Game/Block_01.Block_01:PersistentLevel.BrushSidewalk8.BrushComponent0) Component already registered.
[2019.01.18-04.28.01:572][ 25]LogActorComponent: ~FComponentReregisterContext: (/Game/Block_01.Block_01:PersistentLevel.BrushStreet37.BrushComponent0) Component already registered.
[2019.01.18-04.28.01:573][ 25]LogActorComponent: ~FComponentReregisterContext: (/Game/Block_01.Block_01:PersistentLevel.CylinderBrush4.BrushComponent0) Component already registered.
[2019.01.18-04.28.01:573][ 25]LogActorComponent: ~FComponentReregisterContext: (/Game/Block_01.Block_01:PersistentLevel.BrushSidewalk1_64.BrushComponent0) Component already registered.
[2019.01.18-04.29.38:333][692]LogSlate: FSceneViewport::OnFocusLost() reason 0
[2019.01.18-04.31.54:131][475]LogSlate: FSceneViewport::OnFocusLost() reason 2
[2019.01.18-04.31.54:213][475]Cmd: OBJ SAVEPACKAGE PACKAGE="/Game/Block_01" FILE="../../../../../GitHub/AW_AssetPipeline/AW_WBox_IC001/Saved/Autosaves/Game/Block_01_Auto1.umap" SILENT=true AUTOSAVING=true KEEPDIRTY=false
[2019.01.18-04.31.54:603][475]LogSavePackage: Moving '../../../../../GitHub/AW_AssetPipeline/AW_WBox_IC001/Saved/Block_01_Auto142091BF14229F1576BE4279963145C97.tmp' to '../../../../../GitHub/AW_AssetPipeline/AW_WBox_IC001/Saved/Autosaves/Game/Block_01_Auto1.umap'
[2019.01.18-04.31.54:605][475]LogFileHelpers: Editor autosave (incl. sublevels) for '/Game/Block_01' took 0.422
[2019.01.18-04.31.54:605][475]LogFileHelpers: Editor autosave (incl. sublevels) for all levels took 0.422
[2019.01.18-04.33.14:802][415]LogSlate: FSceneViewport::OnFocusLost() reason 2
[2019.01.18-04.33.23:052][769]Cmd: POLY SELECT ADJACENT ALL
[2019.01.18-04.33.33:775][668]LogSlate: FSceneViewport::OnFocusLost() reason 0
[2019.01.18-04.34.23:209][261]LogSlate: FSceneViewport::OnFocusLost() reason 2
[2019.01.18-04.34.26:140][375]Cmd: POLY SELECT ADJACENT ALL
[2019.01.18-04.34.29:607][603]LogSlate: FSceneViewport::OnFocusLost() reason 0
[2019.01.18-04.35.16:271][712]LogSlate: FSceneViewport::OnFocusLost() reason 2
[2019.01.18-04.35.19:341][842]Cmd: POLY SELECT ADJACENT ALL
[2019.01.18-04.35.22:007][ 39]LogSlate: FSceneViewport::OnFocusLost() reason 0
[2019.01.18-04.35.45:559][581]LogSlate: FSceneViewport::OnFocusLost() reason 2
[2019.01.18-04.35.48:028][679]Cmd: POLY SELECT ADJACENT ALL
[2019.01.18-04.35.50:458][884]LogSlate: FSceneViewport::OnFocusLost() reason 0
[2019.01.18-04.36.17:007][853]LogEditorViewport: Clicking Background
[2019.01.18-04.36.19:680][160]LogEditorViewport: Clicking Background
[2019.01.18-04.36.51:734][726]LogSlate: FSceneViewport::OnFocusLost() reason 2
[2019.01.18-04.36.54:045][809]Cmd: POLY SELECT ADJACENT ALL
[2019.01.18-04.36.56:610][ 25]LogSlate: FSceneViewport::OnFocusLost() reason 0
[2019.01.18-04.37.05:862][ 32]LogEditorViewport: Clicking on Actor (LMB): BP_Sky_Sphere_C (Sky Sphere)
[2019.01.18-04.37.39:148][818]LogSlate: FSceneViewport::OnFocusLost() reason 0
[2019.01.18-04.37.54:076][392]LogSlate: FSceneViewport::OnFocusLost() reason 0
[2019.01.18-04.38.10:611][183]LogSlate: FSceneViewport::OnFocusLost() reason 0
[2019.01.18-04.42.53:791][967]LogSlate: FSceneViewport::OnFocusLost() reason 2
[2019.01.18-04.42.56:925][ 97]Cmd: POLY SELECT ADJACENT ALL
[2019.01.18-04.42.58:795][237]LogSlate: FSceneViewport::OnFocusLost() reason 0
[2019.01.18-04.44.12:642][795]Cmd: OBJ SAVEPACKAGE PACKAGE="/Game/Block_01" FILE="../../../../../GitHub/AW_AssetPipeline/AW_WBox_IC001/Saved/Autosaves/Game/Block_01_Auto2.umap" SILENT=true AUTOSAVING=true KEEPDIRTY=false
[2019.01.18-04.44.13:115][795]LogSavePackage: Moving '../../../../../GitHub/AW_AssetPipeline/AW_WBox_IC001/Saved/Block_01_Auto285D5554C43F2C3681E4843B5E3F46E23.tmp' to '../../../../../GitHub/AW_AssetPipeline/AW_WBox_IC001/Saved/Autosaves/Game/Block_01_Auto2.umap'
[2019.01.18-04.44.13:126][795]LogFileHelpers: Editor autosave (incl. sublevels) for '/Game/Block_01' took 0.533
[2019.01.18-04.44.13:126][795]LogFileHelpers: Editor autosave (incl. sublevels) for all levels took 0.533
[2019.01.18-04.45.30:965][915]LogEditorViewport: Clicking on Actor (LMB): BP_Sky_Sphere_C (Sky Sphere)
[2019.01.18-04.46.39:985][876]LogSlate: FSceneViewport::OnFocusLost() reason 0
[2019.01.18-04.46.40:916][923]LogAssetEditorManager: Opening Asset editor for MaterialInstanceConstant /Game/MI_WBGrass_AW.MI_WBGrass_AW
[2019.01.18-04.47.11:420][915]LogSlate: Window 'Color Picker' being destroyed
[2019.01.18-04.47.13:418][974]Cmd: OBJ SAVEPACKAGE PACKAGE="/Game/MI_WBGrass_AW" FILE="../../../../../GitHub/AW_AssetPipeline/AW_WBox_IC001/Content/MI_WBGrass_AW.uasset" SILENT=true
[2019.01.18-04.47.13:460][974]LogMaterial: Display: Missing cached shader map for material FDebugViewModeMaterialProxy MI_WBGrass_AW, compiling. 
[2019.01.18-04.47.13:961][974]LogShaderCompilers: Display: Shaders left to compile 1
[2019.01.18-04.47.13:975][974]TextureStreamingBuild: Display: Compiling optional shaders took 0.518 seconds.
[2019.01.18-04.47.14:019][974]LogSavePackage: Moving '../../../../../GitHub/AW_AssetPipeline/AW_WBox_IC001/Saved/MI_WBGrass_AW29174F76464F28DF6240139B29DE8103.tmp' to '../../../../../GitHub/AW_AssetPipeline/AW_WBox_IC001/Content/MI_WBGrass_AW.uasset'
[2019.01.18-04.47.20:361][349]LogSlate: FSceneViewport::OnFocusLost() reason 0
[2019.01.18-04.47.20:527][359]LogSlate: Window 'MI_WBGrass_AW' being destroyed
[2019.01.18-04.47.20:591][359]LogSlate: Window 'MI_WBGrass_AW' being destroyed
[2019.01.18-04.48.19:494][191]LogSlate: FSceneViewport::OnFocusLost() reason 2
[2019.01.18-04.48.21:096][249]LogSlate: FSceneViewport::OnFocusLost() reason 2
[2019.01.18-04.48.21:200][249]Cmd: OBJ SAVEPACKAGE PACKAGE="/Game/Block_01" FILE="../../../../../GitHub/AW_AssetPipeline/AW_WBox_IC001/Content/Block_01.umap" SILENT=true AUTOSAVING=false KEEPDIRTY=false
[2019.01.18-04.48.22:103][249]LogSavePackage: Moving '../../../../../GitHub/AW_AssetPipeline/AW_WBox_IC001/Saved/Block_017956A368470DF229EACB5391ACA8D20C.tmp' to '../../../../../GitHub/AW_AssetPipeline/AW_WBox_IC001/Content/Block_01.umap'
[2019.01.18-04.48.22:193][249]LogFileHelpers: Saving map 'Block_01' took 1.050
[2019.01.18-04.49.58:685][808]LogSlate: Took 0.029692 seconds to synchronously load lazily loaded font '../../../Engine/Content/Slate/Fonts/Roboto-Italic.ttf' (157K)
[2019.01.18-04.52.05:322][187]LogSlate: FSceneViewport::OnFocusLost() reason 2
[2019.01.18-04.52.21:613][ 23]LogSlate: FSceneViewport::OnFocusLost() reason 2
[2019.01.18-04.52.27:530][259]LogSlate: FSceneViewport::OnFocusLost() reason 2
[2019.01.18-04.52.43:936][259]LogSlate: Window 'Save Level As' being destroyed
[2019.01.18-04.52.44:051][259]LogSlate: FSceneViewport::OnFocusLost() reason 2
[2019.01.18-04.52.44:367][259]LogAIModule: Creating AISystem for world BaseBlock
[2019.01.18-04.52.44:414][259]Cmd: OBJ SAVEPACKAGE PACKAGE="/Game/Maps/BaseBlock" FILE="../../../../../GitHub/AW_AssetPipeline/AW_WBox_IC001/Content/Maps/BaseBlock.umap" SILENT=true AUTOSAVING=false KEEPDIRTY=false
[2019.01.18-04.52.45:230][259]LogSavePackage: Moving '../../../../../GitHub/AW_AssetPipeline/AW_WBox_IC001/Saved/BaseBlockCE702F97440D11A2E3B0E0A97F2206F3.tmp' to '../../../../../GitHub/AW_AssetPipeline/AW_WBox_IC001/Content/Maps/BaseBlock.umap'
[2019.01.18-04.52.45:268][259]Cmd: OBJ SAVEPACKAGE PACKAGE="/Game/Maps/BaseBlock_BuiltData" FILE="../../../../../GitHub/AW_AssetPipeline/AW_WBox_IC001/Content/Maps/BaseBlock_BuiltData.uasset" SILENT=true
[2019.01.18-04.52.45:297][259]LogSavePackage: Moving '../../../../../GitHub/AW_AssetPipeline/AW_WBox_IC001/Saved/BaseBlock_BuiltDataC7A1F34F423532B0B931DAA69759BEC2.tmp' to '../../../../../GitHub/AW_AssetPipeline/AW_WBox_IC001/Content/Maps/BaseBlock_BuiltData.uasset'
[2019.01.18-04.52.45:354][259]LogFileHelpers: Saving map 'BaseBlock' took 1.370
[2019.01.18-04.52.45:356][259]Cmd: MAP LOAD FILE="../../../../../GitHub/AW_AssetPipeline/AW_WBox_IC001/Content/Maps/BaseBlock.umap" TEMPLATE=0 SHOWPROGRESS=1 FEATURELEVEL=3
[2019.01.18-04.52.45:366][259]LogSlate: FSceneViewport::OnFocusLost() reason 2
[2019.01.18-04.52.45:415][259]LightingResults: New page: Lighting Build
[2019.01.18-04.52.45:416][259]LoadErrors: New page: Loading map: BaseBlock.umap
[2019.01.18-04.52.45:435][259]MapCheck: New page: Map Check
[2019.01.18-04.52.45:435][259]LightingResults: New page: Lighting Build
[2019.01.18-04.52.45:480][259]LogEditorServer: Finished looking for orphan Actors (0.000 secs)
[2019.01.18-04.52.45:571][259]Cmd: MAP CHECKDEP NOCLEARLOG
[2019.01.18-04.52.45:625][259]MapCheck: Map check complete: 0 Error(s), 0 Warning(s), took 54.195ms to complete.
[2019.01.18-04.52.45:625][259]LogFileHelpers: Loading map 'BaseBlock' took 0.271
[2019.01.18-04.52.51:979][743]LogSlate: FSceneViewport::OnFocusLost() reason 0
[2019.01.18-04.53.23:356][393]LogSlate: Window 'Delete Assets' being destroyed
[2019.01.18-04.53.23:456][393]LightingResults: New page: Lighting Build
[2019.01.18-04.53.23:459][393]MapCheck: New page: Map Check
[2019.01.18-04.53.23:459][393]LightingResults: New page: Lighting Build
[2019.01.18-04.53.23:542][393]LogAIModule: Creating AISystem for world Untitled
[2019.01.18-04.53.23:554][393]LoadErrors: New page: New Map
[2019.01.18-04.53.23:705][393]LogAIModule: Creating AISystem for world BaseBlock
[2019.01.18-04.53.43:708][606]LogAIModule: Creating AISystem for world Block_01
[2019.01.18-04.53.43:743][606]LogAssetEditorManager: Opening Asset editor for World /Game/Block_01.Block_01
[2019.01.18-04.53.43:764][606]Cmd: MAP LOAD FILE="../../../../../GitHub/AW_AssetPipeline/AW_WBox_IC001/Content/Block_01.umap" TEMPLATE=0 SHOWPROGRESS=1 FEATURELEVEL=3
[2019.01.18-04.53.43:764][606]LightingResults: New page: Lighting Build
[2019.01.18-04.53.43:764][606]LoadErrors: New page: Loading map: Block_01.umap
[2019.01.18-04.53.43:764][606]MapCheck: New page: Map Check
[2019.01.18-04.53.43:764][606]LightingResults: New page: Lighting Build
[2019.01.18-04.53.43:793][606]LogEditorServer: Finished looking for orphan Actors (0.000 secs)
[2019.01.18-04.53.43:839][606]Cmd: MAP CHECKDEP NOCLEARLOG
[2019.01.18-04.53.43:899][606]MapCheck: Map check complete: 0 Error(s), 0 Warning(s), took 59.981ms to complete.
[2019.01.18-04.53.43:900][606]LogFileHelpers: Loading map 'Block_01' took 0.138
[2019.01.18-04.54.26:583][934]LogSlate: Window 'Save Level As' being destroyed
[2019.01.18-04.54.56:283][180]Cmd: OBJ SAVEPACKAGE PACKAGE="/Game/Block_01" FILE="../../../../../GitHub/AW_AssetPipeline/AW_WBox_IC001/Content/Block_01.umap" SILENT=true AUTOSAVING=false KEEPDIRTY=false
[2019.01.18-04.54.57:005][180]LogSavePackage: Moving '../../../../../GitHub/AW_AssetPipeline/AW_WBox_IC001/Saved/Block_017B4F7361416C4AC785475E86BAA5B445.tmp' to '../../../../../GitHub/AW_AssetPipeline/AW_WBox_IC001/Content/Block_01.umap'
[2019.01.18-04.54.57:027][180]Cmd: OBJ SAVEPACKAGE PACKAGE="/Game/Block_01_BuiltData" FILE="../../../../../GitHub/AW_AssetPipeline/AW_WBox_IC001/Content/Block_01_BuiltData.uasset" SILENT=true
[2019.01.18-04.54.57:046][180]LogSavePackage: Moving '../../../../../GitHub/AW_AssetPipeline/AW_WBox_IC001/Saved/Block_01_BuiltData508B3478479717C7FF463B850E956374.tmp' to '../../../../../GitHub/AW_AssetPipeline/AW_WBox_IC001/Content/Block_01_BuiltData.uasset'
[2019.01.18-04.55.36:410][951]LogSlate: Window 'Save Level As' being destroyed
[2019.01.18-04.56.12:535][292]LogSlate: Window 'AW_WBox_IC001 - Unreal Editor' being destroyed
[2019.01.18-04.56.12:799][293]Cmd: QUIT_EDITOR
[2019.01.18-04.56.12:857][293]LogWindowsTextInputMethodSystem: Display: IME system now deactivated.
[2019.01.18-04.56.12:869][293]LogExit: Preparing to exit.
[2019.01.18-04.56.13:113][293]LogExit: Editor shut down
[2019.01.18-04.56.13:114][293]LogExit: Transaction tracking system shut down
[2019.01.18-04.56.13:441][293]LogExit: Object subsystem successfully closed.
[2019.01.18-04.56.13:451][293]LogShaderCompilers: Display: Shaders left to compile 0
[2019.01.18-04.56.13:455][293]LogD3D11RHI: Shutdown
[2019.01.18-04.56.13:455][293]LogD3D11RHI: CleanupD3DDevice
[2019.01.18-04.56.13:460][293]LogD3D11RHI: ~FD3D11DynamicRHI
[2019.01.18-04.56.13:471][293]LogModuleManager: Shutting down and abandoning module HierarchicalLODOutliner (602)
[2019.01.18-04.56.13:471][293]LogModuleManager: Shutting down and abandoning module SceneOutliner (600)
[2019.01.18-04.56.13:471][293]LogModuleManager: Shutting down and abandoning module AddContentDialog (598)
[2019.01.18-04.56.13:472][293]LogModuleManager: Shutting down and abandoning module WidgetCarousel (597)
[2019.01.18-04.56.13:472][293]LogModuleManager: Shutting down and abandoning module EditorWidgets (594)
[2019.01.18-04.56.13:472][293]LogModuleManager: Shutting down and abandoning module CollectionManager (592)
[2019.01.18-04.56.13:472][293]LogModuleManager: Shutting down and abandoning module HierarchicalLODUtilities (590)
[2019.01.18-04.56.13:472][293]LogModuleManager: Shutting down and abandoning module StatsViewer (588)
[2019.01.18-04.56.13:472][293]LogModuleManager: Shutting down and abandoning module FoliageEdit (586)
[2019.01.18-04.56.13:472][293]LogModuleManager: Shutting down and abandoning module LandscapeEditor (584)
[2019.01.18-04.56.13:472][293]LogModuleManager: Shutting down and abandoning module MeshPaintMode (582)
[2019.01.18-04.56.13:472][293]LogModuleManager: Shutting down and abandoning module SceneDepthPickerMode (580)
[2019.01.18-04.56.13:472][293]LogModuleManager: Shutting down and abandoning module ActorPickerMode (578)
[2019.01.18-04.56.13:472][293]LogModuleManager: Shutting down and abandoning module GeometryMode (576)
[2019.01.18-04.56.13:472][293]LogModuleManager: Shutting down and abandoning module TextureAlignMode (574)
[2019.01.18-04.56.13:472][293]LogModuleManager: Shutting down and abandoning module BspMode (572)
[2019.01.18-04.56.13:472][293]LogModuleManager: Shutting down and abandoning module PIEPreviewDeviceProfileSelector (570)
[2019.01.18-04.56.13:473][293]LogModuleManager: Shutting down and abandoning module SequenceRecorderSections (568)
[2019.01.18-04.56.13:473][293]LogModuleManager: Shutting down and abandoning module AutomationWorker (566)
[2019.01.18-04.56.13:473][293]LogModuleManager: Shutting down and abandoning module AudioCaptureEditor (564)
[2019.01.18-04.56.13:473][293]LogModuleManager: Shutting down and abandoning module SequenceRecorder (563)
[2019.01.18-04.56.13:473][293]LogModuleManager: Shutting down and abandoning module MatineeToLevelSequence (560)
[2019.01.18-04.56.13:473][293]LogModuleManager: Shutting down and abandoning module LevelSequenceEditor (558)
[2019.01.18-04.56.13:473][293]LogModuleManager: Shutting down and abandoning module PlacementMode (557)
[2019.01.18-04.56.13:473][293]LogModuleManager: Shutting down and abandoning module MaterialEditor (556)
[2019.01.18-04.56.13:473][293]LogModuleManager: Shutting down and abandoning module WmfMediaFactory (552)
[2019.01.18-04.56.13:473][293]LogModuleManager: Shutting down and abandoning module WmfMediaEditor (550)
[2019.01.18-04.56.13:473][293]LogModuleManager: Shutting down and abandoning module MediaPlayerEditor (548)
[2019.01.18-04.56.13:473][293]LogModuleManager: Shutting down and abandoning module OpenExrWrapper (546)
[2019.01.18-04.56.13:473][293]LogModuleManager: Shutting down and abandoning module ImgMediaFactory (544)
[2019.01.18-04.56.13:473][293]LogModuleManager: Shutting down and abandoning module ImgMediaEditor (542)
[2019.01.18-04.56.13:473][293]LogModuleManager: Shutting down and abandoning module AvfMediaFactory (540)
[2019.01.18-04.56.13:473][293]LogModuleManager: Shutting down and abandoning module AvfMediaEditor (538)
[2019.01.18-04.56.13:473][293]LogModuleManager: Shutting down and abandoning module AndroidMediaFactory (536)
[2019.01.18-04.56.13:473][293]LogModuleManager: Shutting down and abandoning module AndroidMediaEditor (534)
[2019.01.18-04.56.13:473][293]LogModuleManager: Shutting down and abandoning module MagicLeapCameraPreviewFactory (532)
[2019.01.18-04.56.13:473][293]LogModuleManager: Shutting down and abandoning module MagicLeapMediaFactory (530)
[2019.01.18-04.56.13:473][293]LogModuleManager: Shutting down and abandoning module MagicLeapMediaEditor (528)
[2019.01.18-04.56.13:473][293]LogModuleManager: Shutting down and abandoning module CharacterAI (526)
[2019.01.18-04.56.13:473][293]LogModuleManager: Shutting down and abandoning module SmartSnapping (524)
[2019.01.18-04.56.13:473][293]LogModuleManager: Shutting down and abandoning module SessionServices (522)
[2019.01.18-04.56.13:473][293]LogModuleManager: Shutting down and abandoning module ViewportSnapping (520)
[2019.01.18-04.56.13:473][293]LogModuleManager: Shutting down and abandoning module ViewportInteraction (518)
[2019.01.18-04.56.13:473][293]LogModuleManager: Shutting down and abandoning module ClothPainter (516)
[2019.01.18-04.56.13:473][293]LogModuleManager: Shutting down and abandoning module SkeletalMeshEditor (515)
[2019.01.18-04.56.13:473][293]LogModuleManager: Shutting down and abandoning module LogVisualizer (512)
[2019.01.18-04.56.13:473][293]LogModuleManager: Shutting down and abandoning module IntroTutorials (510)
[2019.01.18-04.56.13:473][293]LogModuleManager: Shutting down and abandoning module GameProjectGeneration (509)
[2019.01.18-04.56.13:473][293]LogModuleManager: Shutting down and abandoning module LuminPlatformEditor (506)
[2019.01.18-04.56.13:473][293]LogModuleManager: Shutting down and abandoning module IOSPlatformEditor (504)
[2019.01.18-04.56.13:473][293]LogModuleManager: Shutting down and abandoning module HTML5PlatformEditor (502)
[2019.01.18-04.56.13:473][293]LogModuleManager: Shutting down and abandoning module AndroidPlatformEditor (500)
[2019.01.18-04.56.13:473][293]LogModuleManager: Shutting down and abandoning module AndroidDeviceDetection (499)
[2019.01.18-04.56.13:598][293]LogModuleManager: Shutting down and abandoning module WindowsPlatformEditor (496)
[2019.01.18-04.56.13:598][293]LogModuleManager: Shutting down and abandoning module LuminRuntimeSettings (494)
[2019.01.18-04.56.13:598][293]LogModuleManager: Shutting down and abandoning module IOSRuntimeSettings (492)
[2019.01.18-04.56.13:598][293]LogModuleManager: Shutting down and abandoning module AndroidRuntimeSettings (490)
[2019.01.18-04.56.13:598][293]LogModuleManager: Shutting down and abandoning module InputBindingEditor (488)
[2019.01.18-04.56.13:598][293]LogModuleManager: Shutting down and abandoning module MergeActors (486)
[2019.01.18-04.56.13:598][293]LogModuleManager: Shutting down and abandoning module LocalizationDashboard (484)
[2019.01.18-04.56.13:598][293]LogModuleManager: Shutting down and abandoning module LocalizationService (483)
[2019.01.18-04.56.13:598][293]LogModuleManager: Shutting down and abandoning module HardwareTargeting (480)
[2019.01.18-04.56.13:598][293]LogModuleManager: Shutting down and abandoning module DeviceProfileEditor (478)
[2019.01.18-04.56.13:598][293]LogModuleManager: Shutting down and abandoning module UndoHistory (476)
[2019.01.18-04.56.13:598][293]LogModuleManager: Shutting down and abandoning module XmlParser (474)
[2019.01.18-04.56.13:598][293]LogModuleManager: Shutting down and abandoning module Blutility (472)
[2019.01.18-04.56.13:598][293]LogModuleManager: Shutting down and abandoning module ProjectSettingsViewer (470)
[2019.01.18-04.56.13:598][293]LogModuleManager: Shutting down and abandoning module ProjectTargetPlatformEditor (469)
[2019.01.18-04.56.13:598][293]LogModuleManager: Shutting down and abandoning module EditorSettingsViewer (466)
[2019.01.18-04.56.13:598][293]LogModuleManager: Shutting down and abandoning module SettingsEditor (464)
[2019.01.18-04.56.13:598][293]LogModuleManager: Shutting down and abandoning module ProjectLauncher (462)
[2019.01.18-04.56.13:598][293]LogModuleManager: Shutting down and abandoning module SessionFrontend (460)
[2019.01.18-04.56.13:598][293]LogModuleManager: Shutting down and abandoning module ProfilerClient (458)
[2019.01.18-04.56.13:598][293]LogModuleManager: Shutting down and abandoning module DeviceManager (456)
[2019.01.18-04.56.13:598][293]LogModuleManager: Shutting down and abandoning module TargetDeviceServices (455)
[2019.01.18-04.56.13:654][293]LogModuleManager: Shutting down and abandoning module AutomationController (452)
[2019.01.18-04.56.13:654][293]LogModuleManager: Shutting down and abandoning module AutomationWindow (450)
[2019.01.18-04.56.13:654][293]LogModuleManager: Shutting down and abandoning module Layers (448)
[2019.01.18-04.56.13:654][293]LogModuleManager: Shutting down and abandoning module ComponentVisualizers (446)
[2019.01.18-04.56.13:654][293]LogModuleManager: Shutting down and abandoning module DetailCustomizations (444)
[2019.01.18-04.56.13:654][293]LogModuleManager: Shutting down and abandoning module PackagesDialog (442)
[2019.01.18-04.56.13:654][293]LogModuleManager: Shutting down and abandoning module Persona (440)
[2019.01.18-04.56.13:654][293]LogModuleManager: Shutting down and abandoning module AdvancedPreviewScene (439)
[2019.01.18-04.56.13:654][293]LogModuleManager: Shutting down and abandoning module AnimGraph (437)
[2019.01.18-04.56.13:654][293]LogModuleManager: Shutting down and abandoning module Kismet (434)
[2019.01.18-04.56.13:655][293]LogModuleManager: Shutting down and abandoning module GraphEditor (432)
[2019.01.18-04.56.13:655][293]LogModuleManager: Shutting down and abandoning module ClassViewer (430)
[2019.01.18-04.56.13:655][293]LogModuleManager: Shutting down and abandoning module Toolbox (428)
[2019.01.18-04.56.13:655][293]LogModuleManager: Shutting down and abandoning module ModuleUI (426)
[2019.01.18-04.56.13:655][293]LogModuleManager: Shutting down and abandoning module MovieSceneTools (424)
[2019.01.18-04.56.13:655][293]LogModuleManager: Shutting down and abandoning module OutputLog (422)
[2019.01.18-04.56.13:655][293]LogModuleManager: Shutting down and abandoning module GammaUI (420)
[2019.01.18-04.56.13:655][293]LogModuleManager: Shutting down and abandoning module Documentation (418)
[2019.01.18-04.56.13:655][293]LogModuleManager: Shutting down and abandoning module MovieSceneTracks (416)
[2019.01.18-04.56.13:655][293]LogModuleManager: Shutting down and abandoning module MovieScene (414)
[2019.01.18-04.56.13:655][293]LogModuleManager: Shutting down and abandoning module StreamingPauseRendering (412)
[2019.01.18-04.56.13:655][293]LogModuleManager: Shutting down and abandoning module LauncherPlatform (410)
[2019.01.18-04.56.13:655][293]LogModuleManager: Shutting down and abandoning module AnalyticsET (408)
[2019.01.18-04.56.13:655][293]LogModuleManager: Shutting down and abandoning module PortalServices (406)
[2019.01.18-04.56.13:655][293]LogModuleManager: Shutting down and abandoning module PortalRpc (404)
[2019.01.18-04.56.13:655][293]LogModuleManager: Shutting down and abandoning module MessagingRpc (402)
[2019.01.18-04.56.13:655][293]LogModuleManager: Shutting down and abandoning module AIModule (400)
[2019.01.18-04.56.13:656][293]LogModuleManager: Shutting down and abandoning module GameplayDebugger (399)
[2019.01.18-04.56.13:656][293]LogModuleManager: Shutting down and abandoning module AITestSuite (397)
[2019.01.18-04.56.13:656][293]LogModuleManager: Shutting down and abandoning module NavigationSystem (395)
[2019.01.18-04.56.13:656][293]LogModuleManager: Shutting down and abandoning module DesktopPlatform (392)
[2019.01.18-04.56.13:656][293]LogModuleManager: Shutting down and abandoning module ProfilerService (390)
[2019.01.18-04.56.13:806][293]LogModuleManager: Shutting down and abandoning module TaskGraph (388)
[2019.01.18-04.56.13:806][293]LogModuleManager: Shutting down and abandoning module ProceduralMeshComponentEditor (386)
[2019.01.18-04.56.13:806][293]LogModuleManager: Shutting down and abandoning module ProceduralMeshComponent (384)
[2019.01.18-04.56.13:806][293]LogModuleManager: Shutting down and abandoning module MobilePatchingUtils (382)
[2019.01.18-04.56.13:806][293]LogModuleManager: Shutting down and abandoning module EditableMesh (380)
[2019.01.18-04.56.13:806][293]LogModuleManager: Shutting down and abandoning module CustomMeshComponent (378)
[2019.01.18-04.56.13:806][293]LogModuleManager: Shutting down and abandoning module CableComponent (376)
[2019.01.18-04.56.13:806][293]LogModuleManager: Shutting down and abandoning module AudioCapture (374)
[2019.01.18-04.56.13:806][293]LogModuleManager: Shutting down and abandoning module ArchVisCharacter (372)
[2019.01.18-04.56.13:806][293]LogModuleManager: Shutting down and abandoning module AndroidPermission (370)
[2019.01.18-04.56.13:806][293]LogModuleManager: Shutting down and abandoning module NUTUnrealEngine4 (368)
[2019.01.18-04.56.13:806][293]LogModuleManager: Shutting down and abandoning module NetcodeUnitTest (366)
[2019.01.18-04.56.13:806][293]LogModuleManager: Shutting down and abandoning module MediaCompositingEditor (364)
[2019.01.18-04.56.13:806][293]LogModuleManager: Shutting down and abandoning module MediaCompositing (362)
[2019.01.18-04.56.13:806][293]LogModuleManager: Shutting down and abandoning module LinearTimecode (360)
[2019.01.18-04.56.13:806][293]LogModuleManager: Shutting down and abandoning module ImgMedia (358)
[2019.01.18-04.56.13:809][293]LogModuleManager: Shutting down and abandoning module HTML5Networking (356)
[2019.01.18-04.56.13:809][293]LogModuleManager: Shutting down and abandoning module GeometryCacheTracks (354)
[2019.01.18-04.56.13:809][293]LogModuleManager: Shutting down and abandoning module GeometryCacheSequencer (352)
[2019.01.18-04.56.13:809][293]LogModuleManager: Shutting down and abandoning module BackChannel (350)
[2019.01.18-04.56.13:809][293]LogModuleManager: Shutting down and abandoning module AppleVision (348)
[2019.01.18-04.56.13:809][293]LogModuleManager: Shutting down and abandoning module AppleImageUtils (346)
[2019.01.18-04.56.13:809][293]LogModuleManager: Shutting down and abandoning module AlembicImporter (344)
[2019.01.18-04.56.13:809][293]LogModuleManager: Shutting down and abandoning module AlembicLibrary (343)
[2019.01.18-04.56.13:809][293]LogModuleManager: Shutting down and abandoning module GeometryCache (342)
[2019.01.18-04.56.13:809][293]LogModuleManager: Shutting down and abandoning module GeometryCacheEd (341)
[2019.01.18-04.56.13:809][293]LogModuleManager: Shutting down and abandoning module DatasmithContentEditor (336)
[2019.01.18-04.56.13:809][293]LogModuleManager: Shutting down and abandoning module DatasmithContent (334)
[2019.01.18-04.56.13:809][293]LogModuleManager: Shutting down and abandoning module SpeedTreeImporter (332)
[2019.01.18-04.56.13:809][293]LogModuleManager: Shutting down and abandoning module PluginBrowser (330)
[2019.01.18-04.56.13:809][293]LogModuleManager: Shutting down and abandoning module MobileLauncherProfileWizard (328)
[2019.01.18-04.56.13:809][293]LogModuleManager: Shutting down and abandoning module PolygonModeling (326)
[2019.01.18-04.56.13:809][293]LogModuleManager: Shutting down and abandoning module MeshEditor (324)
[2019.01.18-04.56.13:809][293]LogModuleManager: Shutting down and abandoning module CryptoKeysOpenSSL (322)
[2019.01.18-04.56.13:809][293]LogModuleManager: Shutting down and abandoning module CryptoKeys (320)
[2019.01.18-04.56.13:809][293]LogModuleManager: Shutting down and abandoning module VisualStudioSourceCodeAccess (318)
[2019.01.18-04.56.13:809][293]LogModuleManager: Shutting down and abandoning module VisualStudioCodeSourceCodeAccess (316)
[2019.01.18-04.56.13:809][293]LogModuleManager: Shutting down and abandoning module UObjectPlugin (314)
[2019.01.18-04.56.13:809][293]LogModuleManager: Shutting down and abandoning module SubversionSourceControl (312)
[2019.01.18-04.56.13:809][293]LogModuleManager: Shutting down and abandoning module PerforceSourceControl (310)
[2019.01.18-04.56.13:809][293]LogModuleManager: Shutting down and abandoning module GitSourceControl (308)
[2019.01.18-04.56.13:809][293]LogModuleManager: Shutting down and abandoning module SourceControl (307)
[2019.01.18-04.56.13:809][293]LogModuleManager: Shutting down and abandoning module CLionSourceCodeAccess (304)
[2019.01.18-04.56.13:809][293]LogModuleManager: Shutting down and abandoning module LightPropagationVolumeEditor (302)
[2019.01.18-04.56.13:809][293]LogModuleManager: Shutting down and abandoning module PaperTiledImporter (300)
[2019.01.18-04.56.13:810][293]LogModuleManager: Shutting down and abandoning module PaperSpriteSheetImporter (298)
[2019.01.18-04.56.13:810][293]LogModuleManager: Shutting down and abandoning module Paper2DEditor (296)
[2019.01.18-04.56.13:810][293]LogModuleManager: Shutting down and abandoning module MeshPaint (295)
[2019.01.18-04.56.13:810][293]LogModuleManager: Shutting down and abandoning module RuntimePhysXCooking (292)
[2019.01.18-04.56.13:810][293]LogModuleManager: Shutting down and abandoning module PhysXVehiclesEditor (290)
[2019.01.18-04.56.13:810][293]LogModuleManager: Shutting down and abandoning module PhysXVehicles (288)
[2019.01.18-04.56.13:810][293]LogModuleManager: Shutting down and abandoning module LocationServicesBPLibrary (286)
[2019.01.18-04.56.13:810][293]LogModuleManager: Shutting down and abandoning module ImmediatePhysicsEditor (284)
[2019.01.18-04.56.13:810][293]LogModuleManager: Shutting down and abandoning module ImmediatePhysics (282)
[2019.01.18-04.56.13:810][293]LogModuleManager: Shutting down and abandoning module ActorSequence (280)
[2019.01.18-04.56.13:810][293]LogModuleManager: Shutting down and abandoning module UdpMessaging (278)
[2019.01.18-04.56.13:911][293]LogModuleManager: Shutting down and abandoning module TcpMessaging (276)
[2019.01.18-04.56.14:012][293]LogModuleManager: Shutting down and abandoning module MagicLeapAudio (274)
[2019.01.18-04.56.14:012][293]LogModuleManager: Shutting down and abandoning module GameplayTagsEditor (272)
[2019.01.18-04.56.14:012][293]LogModuleManager: Shutting down and abandoning module FacialAnimationEditor (270)
[2019.01.18-04.56.14:012][293]LogModuleManager: Shutting down and abandoning module FacialAnimation (268)
[2019.01.18-04.56.14:012][293]LogModuleManager: Shutting down and abandoning module DataValidation (266)
[2019.01.18-04.56.14:012][293]LogModuleManager: Shutting down and abandoning module AssetManagerEditor (264)
[2019.01.18-04.56.14:012][293]LogModuleManager: Shutting down and abandoning module LevelEditor (263)
[2019.01.18-04.56.14:013][293]LogModuleManager: Shutting down and abandoning module PixelInspectorModule (262)
[2019.01.18-04.56.14:013][293]LogModuleManager: Shutting down and abandoning module CommonMenuExtensions (260)
[2019.01.18-04.56.14:013][293]LogModuleManager: Shutting down and abandoning module MainFrame (258)
[2019.01.18-04.56.14:013][293]LogModuleManager: Shutting down and abandoning module HotReload (257)
[2019.01.18-04.56.14:013][293]LogModuleManager: Shutting down and abandoning module ContentBrowser (253)
[2019.01.18-04.56.14:015][293]LogModuleManager: Shutting down and abandoning module TreeMap (251)
[2019.01.18-04.56.14:015][293]LogModuleManager: Shutting down and abandoning module LightPropagationVolumeRuntime (248)
[2019.01.18-04.56.14:015][293]LogModuleManager: Shutting down and abandoning module AISupportModule (246)
[2019.01.18-04.56.14:015][293]LogModuleManager: Shutting down and abandoning module Paper2D (244)
[2019.01.18-04.56.14:015][293]LogModuleManager: Shutting down and abandoning module WindowsMoviePlayer (242)
[2019.01.18-04.56.14:015][293]LogModuleManager: Shutting down and abandoning module WmfMedia (240)
[2019.01.18-04.56.14:016][293]LogModuleManager: Shutting down and abandoning module Media (239)
[2019.01.18-04.56.14:022][293]LogModuleManager: Shutting down and abandoning module PacketHandler (236)
[2019.01.18-04.56.14:022][293]LogModuleManager: Shutting down and abandoning module ClothingSystemEditor (234)
[2019.01.18-04.56.14:022][293]LogModuleManager: Shutting down and abandoning module ClothingSystemRuntime (232)
[2019.01.18-04.56.14:023][293]LogModuleManager: Shutting down and abandoning module MediaAssets (230)
[2019.01.18-04.56.14:023][293]LogModuleManager: Shutting down and abandoning module Overlay (228)
[2019.01.18-04.56.14:023][293]LogModuleManager: Shutting down and abandoning module OverlayEditor (227)
[2019.01.18-04.56.14:023][293]LogModuleManager: Shutting down and abandoning module VREditor (224)
[2019.01.18-04.56.14:023][293]LogModuleManager: Shutting down and abandoning module StringTableEditor (222)
[2019.01.18-04.56.14:023][293]LogModuleManager: Shutting down and abandoning module GameplayTasksEditor (220)
[2019.01.18-04.56.14:023][293]LogModuleManager: Shutting down and abandoning module BehaviorTreeEditor (218)
[2019.01.18-04.56.14:023][293]LogModuleManager: Shutting down and abandoning module FunctionalTesting (216)
[2019.01.18-04.56.14:023][293]LogModuleManager: Shutting down and abandoning module CollisionAnalyzer (214)
[2019.01.18-04.56.14:023][293]LogModuleManager: Shutting down and abandoning module WorkspaceMenuStructure (213)
[2019.01.18-04.56.14:023][293]LogModuleManager: Shutting down and abandoning module UMG (210)
[2019.01.18-04.56.14:023][293]LogModuleManager: Shutting down and abandoning module UMGEditor (209)
[2019.01.18-04.56.14:023][293]LogModuleManager: Shutting down and abandoning module Sequencer (208)
[2019.01.18-04.56.14:023][293]LogModuleManager: Shutting down and abandoning module MessageLog (205)
[2019.01.18-04.56.14:023][293]LogModuleManager: Shutting down and abandoning module SlateReflector (200)
[2019.01.18-04.56.14:023][293]LogModuleManager: Shutting down and abandoning module Slate (198)
[2019.01.18-04.56.14:023][293]LogModuleManager: Shutting down and abandoning module EditorStyle (196)
[2019.01.18-04.56.14:025][293]LogModuleManager: Shutting down and abandoning module MRMesh (194)
[2019.01.18-04.56.14:025][293]LogModuleManager: Shutting down and abandoning module SourceCodeAccess (192)
[2019.01.18-04.56.14:025][293]LogModuleManager: Shutting down and abandoning module HeadMountedDisplay (190)
[2019.01.18-04.56.14:025][293]LogModuleManager: Shutting down and abandoning module XAudio2 (188)
[2019.01.18-04.56.14:025][293]LogModuleManager: Shutting down and abandoning module Networking (186)
[2019.01.18-04.56.14:025][293]LogModuleManager: Shutting down and abandoning module Core (184)
[2019.01.18-04.56.14:025][293]LogModuleManager: Shutting down and abandoning module LevelSequence (182)
[2019.01.18-04.56.14:025][293]LogModuleManager: Shutting down and abandoning module KismetCompiler (180)
[2019.01.18-04.56.14:025][293]LogModuleManager: Shutting down and abandoning module MeshUtilities (178)
[2019.01.18-04.56.14:025][293]LogModuleManager: Shutting down and abandoning module MeshMergeUtilities (177)
[2019.01.18-04.56.14:025][293]LogModuleManager: Shutting down and abandoning module MeshReductionInterface (176)
[2019.01.18-04.56.14:025][293]LogModuleManager: Shutting down and abandoning module SimplygonSwarm (175)
[2019.01.18-04.56.14:025][293]LogModuleManager: Shutting down and abandoning module ProxyLODMeshReduction (173)
[2019.01.18-04.56.14:025][293]LogModuleManager: Shutting down and abandoning module SimplygonMeshReduction (171)
[2019.01.18-04.56.14:025][293]LogModuleManager: Shutting down and abandoning module QuadricMeshReduction (169)
[2019.01.18-04.56.14:025][293]LogModuleManager: Shutting down and abandoning module MaterialBaking (165)
[2019.01.18-04.56.14:025][293]LogModuleManager: Shutting down and abandoning module DirectoryWatcher (161)
[2019.01.18-04.56.14:025][293]LogModuleManager: Shutting down and abandoning module DerivedDataCache (158)
[2019.01.18-04.56.14:081][293]LogDerivedDataCache: Shutdown
[2019.01.18-04.56.14:081][293]LogModuleManager: Shutting down and abandoning module XGEController (156)
[2019.01.18-04.56.14:081][293]LogModuleManager: Shutting down and abandoning module TargetPlatform (154)
[2019.01.18-04.56.14:081][293]LogModuleManager: Shutting down and abandoning module VulkanShaderFormat (153)
[2019.01.18-04.56.14:081][293]LogModuleManager: Shutting down and abandoning module ShaderFormatVectorVM (151)
[2019.01.18-04.56.14:081][293]LogModuleManager: Shutting down and abandoning module ShaderFormatOpenGL (149)
[2019.01.18-04.56.14:081][293]LogModuleManager: Shutting down and abandoning module ShaderFormatD3D (147)
[2019.01.18-04.56.14:081][293]LogModuleManager: Shutting down and abandoning module MetalShaderFormat (145)
[2019.01.18-04.56.14:081][293]LogModuleManager: Shutting down and abandoning module TextureFormatUncompressed (143)
[2019.01.18-04.56.14:081][293]LogModuleManager: Shutting down and abandoning module TextureFormatPVR (141)
[2019.01.18-04.56.14:081][293]LogModuleManager: Shutting down and abandoning module TextureFormatDXT (139)
[2019.01.18-04.56.14:081][293]LogModuleManager: Shutting down and abandoning module TextureFormatIntelISPCTexComp (137)
[2019.01.18-04.56.14:082][293]LogModuleManager: Shutting down and abandoning module TextureFormatASTC (135)
[2019.01.18-04.56.14:082][293]LogModuleManager: Shutting down and abandoning module ImageWrapper (134)
[2019.01.18-04.56.14:082][293]LogModuleManager: Shutting down and abandoning module TextureFormatAndroid (131)
[2019.01.18-04.56.14:082][293]LogModuleManager: Shutting down and abandoning module AudioFormatOpus (129)
[2019.01.18-04.56.14:082][293]LogModuleManager: Shutting down and abandoning module AudioFormatOgg (127)
[2019.01.18-04.56.14:082][293]LogModuleManager: Shutting down and abandoning module AudioFormatADPCM (125)
[2019.01.18-04.56.14:082][293]LogModuleManager: Shutting down and abandoning module LuminTargetPlatform (123)
[2019.01.18-04.56.14:082][293]LogModuleManager: Shutting down and abandoning module LinuxTargetPlatform (121)
[2019.01.18-04.56.14:082][293]LogModuleManager: Shutting down and abandoning module LinuxServerTargetPlatform (119)
[2019.01.18-04.56.14:082][293]LogModuleManager: Shutting down and abandoning module LinuxNoEditorTargetPlatform (117)
[2019.01.18-04.56.14:082][293]LogModuleManager: Shutting down and abandoning module LinuxClientTargetPlatform (115)
[2019.01.18-04.56.14:082][293]LogModuleManager: Shutting down and abandoning module TVOSTargetPlatform (113)
[2019.01.18-04.56.14:084][293]LogModuleManager: Shutting down and abandoning module Messaging (111)
[2019.01.18-04.56.14:084][293]LogModuleManager: Shutting down and abandoning module IOSTargetPlatform (109)
[2019.01.18-04.56.14:090][293]LogModuleManager: Shutting down and abandoning module HTML5TargetPlatform (107)
[2019.01.18-04.56.14:090][293]LogModuleManager: Shutting down and abandoning module AndroidTargetPlatform (105)
[2019.01.18-04.56.14:105][293]LogModuleManager: Shutting down and abandoning module WindowsTargetPlatform (103)
[2019.01.18-04.56.14:105][293]LogModuleManager: Shutting down and abandoning module WindowsServerTargetPlatform (101)
[2019.01.18-04.56.14:105][293]LogModuleManager: Shutting down and abandoning module WindowsNoEditorTargetPlatform (99)
[2019.01.18-04.56.14:105][293]LogModuleManager: Shutting down and abandoning module WindowsClientTargetPlatform (97)
[2019.01.18-04.56.14:105][293]LogModuleManager: Shutting down and abandoning module MacTargetPlatform (95)
[2019.01.18-04.56.14:105][293]LogModuleManager: Shutting down and abandoning module MacServerTargetPlatform (93)
[2019.01.18-04.56.14:105][293]LogModuleManager: Shutting down and abandoning module MacNoEditorTargetPlatform (91)
[2019.01.18-04.56.14:105][293]LogModuleManager: Shutting down and abandoning module MacClientTargetPlatform (89)
[2019.01.18-04.56.14:105][293]LogModuleManager: Shutting down and abandoning module AllDesktopTargetPlatform (87)
[2019.01.18-04.56.14:105][293]LogModuleManager: Shutting down and abandoning module InputCore (84)
[2019.01.18-04.56.14:105][293]LogModuleManager: Shutting down and abandoning module Settings (82)
[2019.01.18-04.56.14:105][293]LogModuleManager: Shutting down and abandoning module PhysXCooking (80)
[2019.01.18-04.56.14:105][293]LogModuleManager: Shutting down and abandoning module ExampleDeviceProfileSelector (78)
[2019.01.18-04.56.14:105][293]LogModuleManager: Shutting down and abandoning module LauncherChunkInstaller (76)
[2019.01.18-04.56.14:105][293]LogModuleManager: Shutting down and abandoning module OnlineBlueprintSupport (74)
[2019.01.18-04.56.14:105][293]LogModuleManager: Shutting down and abandoning module OnlineSubsystem (70)
[2019.01.18-04.56.14:106][293]LogModuleManager: Shutting down and abandoning module XMPP (65)
[2019.01.18-04.56.14:106][293]LogModuleManager: Shutting down and abandoning module WebSockets (64)
[2019.01.18-04.56.14:126][293]LogModuleManager: Shutting down and abandoning module HTTP (61)
[2019.01.18-04.56.14:126][293]LogHttp: Display: Http module shutting down, but needs to wait on 1 outstanding Http requests:
[2019.01.18-04.56.14:126][293]LogHttp: Display: 	verb=[POST] url=[https://datarouter.ol.epicgames.com/datarouter/api/v1/public/data?SessionID=%7B27A4BA85-4F23-4F9B-779E-78BF7D75D214%7D&AppID=UEEditor.Rocket.Release&AppVersion=4.20.3-4369336%2B%2B%2BUE4%2BRelease-4.20&UserID=171d8055405cd181f0e425a23618287e%7Cb73a1934e325431fbbbf70ddd0fddd85%7Ccdfd2462-3778-441f-afb4-cec96da08f97&AppEnvironment=datacollector-binary&UploadType=eteventstream] status=Processing
[2019.01.18-04.56.14:136][293]LogModuleManager: Shutting down and abandoning module SSL (60)
[2019.01.18-04.56.14:137][293]LogModuleManager: Shutting down and abandoning module MagicLeapEmulator (56)
[2019.01.18-04.56.14:137][293]LogModuleManager: Shutting down and abandoning module MagicLeapPrivileges (54)
[2019.01.18-04.56.14:137][293]LogModuleManager: Shutting down and abandoning module MagicLeapIdentity (52)
[2019.01.18-04.56.14:137][293]LogModuleManager: Shutting down and abandoning module MagicLeapHelperVulkan (50)
[2019.01.18-04.56.14:137][293]LogModuleManager: Shutting down and abandoning module MagicLeapHelperOpenGL (48)
[2019.01.18-04.56.14:137][293]LogModuleManager: Shutting down and abandoning module MagicLeapSecureStorage (46)
[2019.01.18-04.56.14:137][293]LogModuleManager: Shutting down and abandoning module MagicLeapGestures (44)
[2019.01.18-04.56.14:137][293]LogModuleManager: Shutting down and abandoning module MagicLeapEyeTracker (42)
[2019.01.18-04.56.14:137][293]LogModuleManager: Shutting down and abandoning module MagicLeapController (40)
[2019.01.18-04.56.14:137][293]LogSlate: Slate User Destroyed.  User Index 0, Is Virtual User: 0
[2019.01.18-04.56.14:137][293]LogModuleManager: Shutting down and abandoning module MagicLeap (38)
[2019.01.18-04.56.14:137][293]LogModuleManager: Shutting down and abandoning module AnimationModifiers (36)
[2019.01.18-04.56.14:137][293]LogModuleManager: Shutting down and abandoning module PropertyEditor (35)
[2019.01.18-04.56.14:137][293]LogModuleManager: Shutting down and abandoning module AudioEditor (32)
[2019.01.18-04.56.14:137][293]LogModuleManager: Shutting down and abandoning module TextureCompressor (30)
[2019.01.18-04.56.14:137][293]LogModuleManager: Shutting down and abandoning module ShaderCore (28)
[2019.01.18-04.56.14:137][293]LogModuleManager: Shutting down and abandoning module Landscape (26)
[2019.01.18-04.56.14:137][293]LogModuleManager: Shutting down and abandoning module SlateRHIRenderer (24)
[2019.01.18-04.56.14:138][293]LogModuleManager: Shutting down and abandoning module OpenGLDrv (22)
[2019.01.18-04.56.14:138][293]LogModuleManager: Shutting down and abandoning module D3D11RHI (20)
[2019.01.18-04.56.14:138][293]LogModuleManager: Shutting down and abandoning module AnimGraphRuntime (18)
[2019.01.18-04.56.14:138][293]LogModuleManager: Shutting down and abandoning module Renderer (16)
[2019.01.18-04.56.14:138][293]LogModuleManager: Shutting down and abandoning module Engine (14)
[2019.01.18-04.56.14:138][293]LogModuleManager: Shutting down and abandoning module CoreUObject (12)
[2019.01.18-04.56.14:138][293]LogModuleManager: Shutting down and abandoning module NetworkFile (10)
[2019.01.18-04.56.14:138][293]LogModuleManager: Shutting down and abandoning module CookedIterativeFile (8)
[2019.01.18-04.56.14:138][293]LogModuleManager: Shutting down and abandoning module StreamingFile (6)
[2019.01.18-04.56.14:138][293]LogModuleManager: Shutting down and abandoning module SandboxFile (4)
[2019.01.18-04.56.14:138][293]LogModuleManager: Shutting down and abandoning module PakFile (2)
[2019.01.18-04.56.14:143][293]LogExit: Exiting.
[2019.01.18-04.56.14:164][293]Log file closed, 01/17/19 21:56:14
